Virtual User Script started at: 14.05.2023 15:53:00
Starting action vuser_init.
Web Turbo Replay of LoadRunner 12.55.0 for Windows 10; build 911 (июл 24 2017 19:46:00)  	[MsgId: MMSG-26983]
Run mode: HTML  	[MsgId: MMSG-26993]
Replay user agent: Mozilla/5.0 (Windows NT 10.0; Win64; x64) AppleWebKit/537.36 (KHTML, like Gecko) Chrome/81.0.4044.138 Safari/537.36  	[MsgId: MMSG-26988]
Run-Time Settings file: "C:\Users\laris\OneDrive\Документы\VuGen\Scripts\UC_7_Login_logout\\default.cfg"  	[MsgId: MMSG-27141]
Ending action vuser_init.
Running Vuser...
Starting iteration 1.
Maximum number of concurrent connections per server: 6  	[MsgId: MMSG-26989]
Starting action Action.
Action.c(3): Notify: Transaction "7_login_logout" started.
Action.c(5): web_add_auto_header("Sec-Fetch-Site") started  	[MsgId: MMSG-26355]
Action.c(5): web_add_auto_header("Sec-Fetch-Site") was successful  	[MsgId: MMSG-26392]
Action.c(8): web_add_auto_header("Sec-Fetch-Dest") started  	[MsgId: MMSG-26355]
Action.c(8): web_add_auto_header("Sec-Fetch-Dest") was successful  	[MsgId: MMSG-26392]
Action.c(11): web_add_auto_header("Sec-Fetch-Mode") started  	[MsgId: MMSG-26355]
Action.c(11): web_add_auto_header("Sec-Fetch-Mode") was successful  	[MsgId: MMSG-26392]
Action.c(14): web_add_auto_header("Sec-Fetch-User") started  	[MsgId: MMSG-26355]
Action.c(14): web_add_auto_header("Sec-Fetch-User") was successful  	[MsgId: MMSG-26392]
Action.c(17): web_add_auto_header("Upgrade-Insecure-Requests") started  	[MsgId: MMSG-26355]
Action.c(17): web_add_auto_header("Upgrade-Insecure-Requests") was successful  	[MsgId: MMSG-26392]
..\\Parameters\\common.h(2): Notify: Transaction "open_site" started.
..\\Parameters\\common.h(3): web_reg_find started  	[MsgId: MMSG-26355]
..\\Parameters\\common.h(3): Registering web_reg_find was successful  	[MsgId: MMSG-26390]
..\\Parameters\\common.h(6): web_reg_save_param started  	[MsgId: MMSG-26355]
..\\Parameters\\common.h(6): Registering web_reg_save_param was successful  	[MsgId: MMSG-26390]
..\\Parameters\\common.h(11): web_url("WebTours") started  	[MsgId: MMSG-26355]
..\\Parameters\\common.h(11): Detected non-resource "http://localhost:1080/WebTours/header.html" in "http://localhost:1080/WebTours/"  	[MsgId: MMSG-26574]
..\\Parameters\\common.h(11): Detected non-resource "http://localhost:1080/cgi-bin/welcome.pl?signOff=true" in "http://localhost:1080/WebTours/"  	[MsgId: MMSG-26574]
..\\Parameters\\common.h(11): Found resource "http://localhost:1080/WebTours/images/hp_logo.png" in HTML "http://localhost:1080/WebTours/header.html"  	[MsgId: MMSG-26659]
..\\Parameters\\common.h(11): Found resource "http://localhost:1080/WebTours/images/webtours.png" in HTML "http://localhost:1080/WebTours/header.html"  	[MsgId: MMSG-26659]
..\\Parameters\\common.h(11): Detected non-resource "http://localhost:1080/cgi-bin/nav.pl?in=home" in "http://localhost:1080/cgi-bin/welcome.pl?signOff=true"  	[MsgId: MMSG-26574]
..\\Parameters\\common.h(11): Detected non-resource "http://localhost:1080/WebTours/home.html" in "http://localhost:1080/cgi-bin/welcome.pl?signOff=true"  	[MsgId: MMSG-26574]
..\\Parameters\\common.h(11): Found resource "http://localhost:1080/WebTours/images/mer_login.gif" in HTML "http://localhost:1080/cgi-bin/nav.pl?in=home"  	[MsgId: MMSG-26659]
..\\Parameters\\common.h(11): Registered web_reg_find successful for "Text=<title>Web Tours</title>" (count=3)  	[MsgId: MMSG-26364]
..\\Parameters\\common.h(11): web_url("WebTours") was successful, 10072 body bytes, 2374 header bytes, 24 chunking overhead bytes  	[MsgId: MMSG-26385]
..\\Parameters\\common.h(21): Notify: Transaction "open_site" ended with a "Pass" status (Duration: 0.2086 Wasted Time: 0.0978).
Action.c(23): web_set_sockets_option started  	[MsgId: MMSG-26355]
Action.c(23): web_set_sockets_option was successful  	[MsgId: MMSG-26392]
..\\Parameters\\common.h(24): Notify: Transaction "login" started.
..\\Parameters\\common.h(26): web_remove_auto_header("Sec-Fetch-User") started  	[MsgId: MMSG-26355]
..\\Parameters\\common.h(26): Previous automatically added web header for "Sec-Fetch-User" removed  	[MsgId: MMSG-26587]
..\\Parameters\\common.h(26): web_remove/revert_auto_header("Sec-Fetch-User") was successful  	[MsgId: MMSG-26392]
..\\Parameters\\common.h(28): web_add_auto_header("Sec-Fetch-Dest") started  	[MsgId: MMSG-26355]
..\\Parameters\\common.h(28): web_add_auto_header("Sec-Fetch-Dest") was successful  	[MsgId: MMSG-26392]
..\\Parameters\\common.h(31): web_remove_auto_header("Upgrade-Insecure-Requests") started  	[MsgId: MMSG-26355]
..\\Parameters\\common.h(31): Previous automatically added web header for "Upgrade-Insecure-Requests" removed  	[MsgId: MMSG-26587]
..\\Parameters\\common.h(31): web_remove/revert_auto_header("Upgrade-Insecure-Requests") was successful  	[MsgId: MMSG-26392]
..\\Parameters\\common.h(33): web_add_header("Origin") started  	[MsgId: MMSG-26355]
..\\Parameters\\common.h(33): web_add_header("Origin") was successful  	[MsgId: MMSG-26392]
..\\Parameters\\common.h(36): web_add_auto_header("Sec-Fetch-Site") started  	[MsgId: MMSG-26355]
..\\Parameters\\common.h(36): web_add_auto_header("Sec-Fetch-Site") was successful  	[MsgId: MMSG-26392]
..\\Parameters\\common.h(39): web_reg_find started  	[MsgId: MMSG-26355]
..\\Parameters\\common.h(39): Registering web_reg_find was successful  	[MsgId: MMSG-26390]
..\\Parameters\\common.h(41): web_reg_find started  	[MsgId: MMSG-26355]
..\\Parameters\\common.h(41): Registering web_reg_find was successful  	[MsgId: MMSG-26390]
..\\Parameters\\common.h(43): web_submit_data("login.pl") started  	[MsgId: MMSG-26355]
..\\Parameters\\common.h(43): Detected non-resource "http://localhost:1080/cgi-bin/nav.pl?page=menu&in=home" in "http://localhost:1080/cgi-bin/login.pl"  	[MsgId: MMSG-26574]
..\\Parameters\\common.h(43): Detected non-resource "http://localhost:1080/cgi-bin/login.pl?intro=true" in "http://localhost:1080/cgi-bin/login.pl"  	[MsgId: MMSG-26574]
..\\Parameters\\common.h(43): Found resource "http://localhost:1080/WebTours/images/flights.gif" in HTML "http://localhost:1080/cgi-bin/nav.pl?page=menu&in=home"  	[MsgId: MMSG-26659]
..\\Parameters\\common.h(43): Found resource "http://localhost:1080/WebTours/images/itinerary.gif" in HTML "http://localhost:1080/cgi-bin/nav.pl?page=menu&in=home"  	[MsgId: MMSG-26659]
..\\Parameters\\common.h(43): Found resource "http://localhost:1080/WebTours/images/in_home.gif" in HTML "http://localhost:1080/cgi-bin/nav.pl?page=menu&in=home"  	[MsgId: MMSG-26659]
..\\Parameters\\common.h(43): Found resource "http://localhost:1080/WebTours/images/signoff.gif" in HTML "http://localhost:1080/cgi-bin/nav.pl?page=menu&in=home"  	[MsgId: MMSG-26659]
..\\Parameters\\common.h(43): Registered web_reg_find successful for "Text=User password was correct" (count=1)  	[MsgId: MMSG-26364]
..\\Parameters\\common.h(43): Registered web_reg_find successful for "Text=Welcome, <b>user5</b>, to the Web Tours" (count=1)  	[MsgId: MMSG-26364]
..\\Parameters\\common.h(43): web_submit_data("login.pl") was successful, 5780 body bytes, 2027 header bytes, 36 chunking overhead bytes  	[MsgId: MMSG-26385]
..\\Parameters\\common.h(60): Notify: Transaction "login" ended with a "Pass" status (Duration: 0.1768 Wasted Time: 0.0069).
..\\Parameters\\common.h(111): Notify: Transaction "log_out" started.
..\\Parameters\\common.h(113): web_remove_auto_header("Origin") started  	[MsgId: MMSG-26355]
..\\Parameters\\common.h(113): Warning -26590: web_remove/revert_auto_header for "Origin" had no effect  	[MsgId: MWAR-26590]
..\\Parameters\\common.h(113): web_remove/revert_auto_header("Origin") highest severity level was "warning"  	[MsgId: MMSG-26391]
..\\Parameters\\common.h(115): web_reg_find started  	[MsgId: MMSG-26355]
..\\Parameters\\common.h(115): Registering web_reg_find was successful  	[MsgId: MMSG-26390]
..\\Parameters\\common.h(118): web_url("SignOff Button") started  	[MsgId: MMSG-26355]
..\\Parameters\\common.h(118): Detected non-resource "http://localhost:1080/cgi-bin/nav.pl?in=home" in "http://localhost:1080/cgi-bin/welcome.pl?signOff=1"  	[MsgId: MMSG-26574]
..\\Parameters\\common.h(118): Detected non-resource "http://localhost:1080/WebTours/home.html" in "http://localhost:1080/cgi-bin/welcome.pl?signOff=1"  	[MsgId: MMSG-26574]
..\\Parameters\\common.h(118): Retrieving data from cache for "http://localhost:1080/WebTours/home.html"  	[MsgId: MMSG-26558]
..\\Parameters\\common.h(118): Resource "http://localhost:1080/WebTours/images/mer_login.gif" is in the cache already and will not be downloaded again  	[MsgId: MMSG-26655]
..\\Parameters\\common.h(118): Registered web_reg_find successful for "Text=A Session ID has been created" (count=1)  	[MsgId: MMSG-26364]
..\\Parameters\\common.h(118): web_url("SignOff Button") was successful, 2176 body bytes, 582 header bytes, 24 chunking overhead bytes  	[MsgId: MMSG-26385]
..\\Parameters\\common.h(128): Notify: Transaction "log_out" ended with a "Pass" status (Duration: 0.1234 Wasted Time: 0.0046).
Action.c(38): Notify: Transaction "7_login_logout" ended with a "Pass" status (Duration: 0.6666 Wasted Time: 0.1092).
Ending action Action.
Ending iteration 1.
Ending Vuser...
Starting action vuser_end.
Ending action vuser_end.
Vuser Terminated.
