Virtual User Script started at: 20.05.2023 11:30:57
Starting action vuser_init.
Web Turbo Replay of LoadRunner 12.55.0 for Windows 10; build 911 (èþë 24 2017 19:46:00)  	[MsgId: MMSG-26983]
Run mode: HTML  	[MsgId: MMSG-26993]
Replay user agent: Mozilla/5.0 (Windows NT 10.0; Win64; x64) AppleWebKit/537.36 (KHTML, like Gecko) Chrome/81.0.4044.138 Safari/537.36  	[MsgId: MMSG-26988]
Run-Time Settings file: "C:\Skripts\VuGen\Scripts\UC_3_Search_tickets_without_payment\\default.cfg"  	[MsgId: MMSG-27141]
Ending action vuser_init.
Running Vuser...
Starting iteration 1.
Maximum number of concurrent connections per server: 6  	[MsgId: MMSG-26989]
Starting action Action.
Action.c(4): Notify: Transaction "3_script_Search_tiskets_without_payment" started.
Action.c(6): web_add_auto_header("Sec-Fetch-Site") started  	[MsgId: MMSG-26355]
Action.c(6): web_add_auto_header("Sec-Fetch-Site") was successful  	[MsgId: MMSG-26392]
Action.c(9): web_add_auto_header("Sec-Fetch-Dest") started  	[MsgId: MMSG-26355]
Action.c(9): web_add_auto_header("Sec-Fetch-Dest") was successful  	[MsgId: MMSG-26392]
Action.c(12): web_add_auto_header("Sec-Fetch-Mode") started  	[MsgId: MMSG-26355]
Action.c(12): web_add_auto_header("Sec-Fetch-Mode") was successful  	[MsgId: MMSG-26392]
Action.c(15): web_add_auto_header("Sec-Fetch-User") started  	[MsgId: MMSG-26355]
Action.c(15): web_add_auto_header("Sec-Fetch-User") was successful  	[MsgId: MMSG-26392]
Action.c(18): web_add_auto_header("Upgrade-Insecure-Requests") started  	[MsgId: MMSG-26355]
Action.c(18): web_add_auto_header("Upgrade-Insecure-Requests") was successful  	[MsgId: MMSG-26392]
..\\Parameters\\common.h(2): Notify: Transaction "open_site" started.
..\\Parameters\\common.h(3): web_reg_find started  	[MsgId: MMSG-26355]
..\\Parameters\\common.h(3): Registering web_reg_find was successful  	[MsgId: MMSG-26390]
..\\Parameters\\common.h(6): web_reg_save_param started  	[MsgId: MMSG-26355]
..\\Parameters\\common.h(6): Registering web_reg_save_param was successful  	[MsgId: MMSG-26390]
..\\Parameters\\common.h(11): web_url("WebTours") started  	[MsgId: MMSG-26355]
..\\Parameters\\common.h(11): Detected non-resource "http://localhost:1080/WebTours/header.html" in "http://localhost:1080/WebTours/"  	[MsgId: MMSG-26574]
..\\Parameters\\common.h(11): Detected non-resource "http://localhost:1080/cgi-bin/welcome.pl?signOff=true" in "http://localhost:1080/WebTours/"  	[MsgId: MMSG-26574]
..\\Parameters\\common.h(11): Found resource "http://localhost:1080/WebTours/images/hp_logo.png" in HTML "http://localhost:1080/WebTours/header.html"  	[MsgId: MMSG-26659]
..\\Parameters\\common.h(11): Found resource "http://localhost:1080/WebTours/images/webtours.png" in HTML "http://localhost:1080/WebTours/header.html"  	[MsgId: MMSG-26659]
..\\Parameters\\common.h(11): Detected non-resource "http://localhost:1080/cgi-bin/nav.pl?in=home" in "http://localhost:1080/cgi-bin/welcome.pl?signOff=true"  	[MsgId: MMSG-26574]
..\\Parameters\\common.h(11): Detected non-resource "http://localhost:1080/WebTours/home.html" in "http://localhost:1080/cgi-bin/welcome.pl?signOff=true"  	[MsgId: MMSG-26574]
..\\Parameters\\common.h(11): Found resource "http://localhost:1080/WebTours/images/mer_login.gif" in HTML "http://localhost:1080/cgi-bin/nav.pl?in=home"  	[MsgId: MMSG-26659]
..\\Parameters\\common.h(11): Registered web_reg_find successful for "Text=<title>Web Tours</title>" (count=3)  	[MsgId: MMSG-26364]
..\\Parameters\\common.h(11): web_url("WebTours") was successful, 10076 body bytes, 2374 header bytes, 24 chunking overhead bytes  	[MsgId: MMSG-26385]
..\\Parameters\\common.h(21): Notify: Transaction "open_site" ended with a "Pass" status (Duration: 0.2211 Wasted Time: 0.1066).
Action.c(25): web_set_sockets_option started  	[MsgId: MMSG-26355]
Action.c(25): web_set_sockets_option was successful  	[MsgId: MMSG-26392]
..\\Parameters\\common.h(24): Notify: Transaction "login" started.
..\\Parameters\\common.h(26): web_remove_auto_header("Sec-Fetch-User") started  	[MsgId: MMSG-26355]
..\\Parameters\\common.h(26): Previous automatically added web header for "Sec-Fetch-User" removed  	[MsgId: MMSG-26587]
..\\Parameters\\common.h(26): web_remove/revert_auto_header("Sec-Fetch-User") was successful  	[MsgId: MMSG-26392]
..\\Parameters\\common.h(28): web_add_auto_header("Sec-Fetch-Dest") started  	[MsgId: MMSG-26355]
..\\Parameters\\common.h(28): web_add_auto_header("Sec-Fetch-Dest") was successful  	[MsgId: MMSG-26392]
..\\Parameters\\common.h(31): web_remove_auto_header("Upgrade-Insecure-Requests") started  	[MsgId: MMSG-26355]
..\\Parameters\\common.h(31): Previous automatically added web header for "Upgrade-Insecure-Requests" removed  	[MsgId: MMSG-26587]
..\\Parameters\\common.h(31): web_remove/revert_auto_header("Upgrade-Insecure-Requests") was successful  	[MsgId: MMSG-26392]
..\\Parameters\\common.h(33): web_add_header("Origin") started  	[MsgId: MMSG-26355]
..\\Parameters\\common.h(33): web_add_header("Origin") was successful  	[MsgId: MMSG-26392]
..\\Parameters\\common.h(36): web_add_auto_header("Sec-Fetch-Site") started  	[MsgId: MMSG-26355]
..\\Parameters\\common.h(36): web_add_auto_header("Sec-Fetch-Site") was successful  	[MsgId: MMSG-26392]
..\\Parameters\\common.h(39): web_reg_find started  	[MsgId: MMSG-26355]
..\\Parameters\\common.h(39): Registering web_reg_find was successful  	[MsgId: MMSG-26390]
..\\Parameters\\common.h(41): web_reg_find started  	[MsgId: MMSG-26355]
..\\Parameters\\common.h(41): Registering web_reg_find was successful  	[MsgId: MMSG-26390]
..\\Parameters\\common.h(43): web_submit_data("login.pl") started  	[MsgId: MMSG-26355]
..\\Parameters\\common.h(43): Detected non-resource "http://localhost:1080/cgi-bin/nav.pl?page=menu&in=home" in "http://localhost:1080/cgi-bin/login.pl"  	[MsgId: MMSG-26574]
..\\Parameters\\common.h(43): Detected non-resource "http://localhost:1080/cgi-bin/login.pl?intro=true" in "http://localhost:1080/cgi-bin/login.pl"  	[MsgId: MMSG-26574]
..\\Parameters\\common.h(43): Found resource "http://localhost:1080/WebTours/images/flights.gif" in HTML "http://localhost:1080/cgi-bin/nav.pl?page=menu&in=home"  	[MsgId: MMSG-26659]
..\\Parameters\\common.h(43): Found resource "http://localhost:1080/WebTours/images/itinerary.gif" in HTML "http://localhost:1080/cgi-bin/nav.pl?page=menu&in=home"  	[MsgId: MMSG-26659]
..\\Parameters\\common.h(43): Found resource "http://localhost:1080/WebTours/images/in_home.gif" in HTML "http://localhost:1080/cgi-bin/nav.pl?page=menu&in=home"  	[MsgId: MMSG-26659]
..\\Parameters\\common.h(43): Found resource "http://localhost:1080/WebTours/images/signoff.gif" in HTML "http://localhost:1080/cgi-bin/nav.pl?page=menu&in=home"  	[MsgId: MMSG-26659]
..\\Parameters\\common.h(43): Registered web_reg_find successful for "Text=User password was correct" (count=1)  	[MsgId: MMSG-26364]
..\\Parameters\\common.h(43): Registered web_reg_find successful for "Text=Welcome, <b>user5</b>, to the Web Tours" (count=1)  	[MsgId: MMSG-26364]
..\\Parameters\\common.h(43): web_submit_data("login.pl") was successful, 5780 body bytes, 2027 header bytes, 36 chunking overhead bytes  	[MsgId: MMSG-26385]
..\\Parameters\\common.h(60): Notify: Transaction "login" ended with a "Pass" status (Duration: 0.1870 Wasted Time: 0.0078).
..\\Parameters\\common.h(63): Notify: Transaction "go_to_flights" started.
..\\Parameters\\common.h(65): web_add_auto_header("Sec-Fetch-User") started  	[MsgId: MMSG-26355]
..\\Parameters\\common.h(65): web_add_auto_header("Sec-Fetch-User") was successful  	[MsgId: MMSG-26392]
..\\Parameters\\common.h(68): web_add_auto_header("Upgrade-Insecure-Requests") started  	[MsgId: MMSG-26355]
..\\Parameters\\common.h(68): web_add_auto_header("Upgrade-Insecure-Requests") was successful  	[MsgId: MMSG-26392]
..\\Parameters\\common.h(71): web_reg_find started  	[MsgId: MMSG-26355]
..\\Parameters\\common.h(71): Registering web_reg_find was successful  	[MsgId: MMSG-26390]
..\\Parameters\\common.h(73): web_reg_find started  	[MsgId: MMSG-26355]
..\\Parameters\\common.h(73): Registering web_reg_find was successful  	[MsgId: MMSG-26390]
..\\Parameters\\common.h(76): web_url("Search Flights Button") started  	[MsgId: MMSG-26355]
..\\Parameters\\common.h(76): Detected non-resource "http://localhost:1080/cgi-bin/nav.pl?page=menu&in=flights" in "http://localhost:1080/cgi-bin/welcome.pl?page=search"  	[MsgId: MMSG-26574]
..\\Parameters\\common.h(76): Detected non-resource "http://localhost:1080/cgi-bin/reservations.pl?page=welcome" in "http://localhost:1080/cgi-bin/welcome.pl?page=search"  	[MsgId: MMSG-26574]
..\\Parameters\\common.h(76): Found resource "http://localhost:1080/WebTours/images/in_flights.gif" in HTML "http://localhost:1080/cgi-bin/nav.pl?page=menu&in=flights"  	[MsgId: MMSG-26659]
..\\Parameters\\common.h(76): Resource "http://localhost:1080/WebTours/images/itinerary.gif" is in the cache already and will not be downloaded again  	[MsgId: MMSG-26655]
..\\Parameters\\common.h(76): Found resource "http://localhost:1080/WebTours/images/home.gif" in HTML "http://localhost:1080/cgi-bin/nav.pl?page=menu&in=flights"  	[MsgId: MMSG-26659]
..\\Parameters\\common.h(76): Resource "http://localhost:1080/WebTours/images/signoff.gif" is in the cache already and will not be downloaded again  	[MsgId: MMSG-26655]
..\\Parameters\\common.h(76): Found resource "http://localhost:1080/WebTours/images/button_next.gif" in HTML "http://localhost:1080/cgi-bin/reservations.pl?page=welcome"  	[MsgId: MMSG-26659]
..\\Parameters\\common.h(76): Registered web_reg_find successful for "Text=User has returned to the search page." (count=1)  	[MsgId: MMSG-26364]
..\\Parameters\\common.h(76): Registered web_reg_find successful for "Text=<b>Find Flight<" (count=1)  	[MsgId: MMSG-26364]
..\\Parameters\\common.h(76): web_url("Search Flights Button") was successful, 8516 body bytes, 1618 header bytes, 43 chunking overhead bytes  	[MsgId: MMSG-26385]
..\\Parameters\\common.h(86): Notify: Transaction "go_to_flights" ended with a "Pass" status (Duration: 0.1598 Wasted Time: 0.0063).
..\\Parameters\\common.h(137): Notify: Transaction "fing_flight" started.
..\\Parameters\\common.h(140): web_reg_save_param_attrib started  	[MsgId: MMSG-26355]
..\\Parameters\\common.h(140): Registering web_reg_save_param_attrib was successful  	[MsgId: MMSG-26390]
..\\Parameters\\common.h(149): web_add_auto_header("Origin") started  	[MsgId: MMSG-26355]
..\\Parameters\\common.h(149): web_add_auto_header("Origin") was successful  	[MsgId: MMSG-26392]
..\\Parameters\\common.h(152): web_reg_find started  	[MsgId: MMSG-26355]
..\\Parameters\\common.h(152): Registering web_reg_find was successful  	[MsgId: MMSG-26390]
..\\Parameters\\common.h(155): web_reg_find started  	[MsgId: MMSG-26355]
..\\Parameters\\common.h(155): Registering web_reg_find was successful  	[MsgId: MMSG-26390]
..\\Parameters\\common.h(157): web_reg_find started  	[MsgId: MMSG-26355]
..\\Parameters\\common.h(157): Registering web_reg_find was successful  	[MsgId: MMSG-26390]
..\\Parameters\\common.h(159): web_reg_save_param started  	[MsgId: MMSG-26355]
..\\Parameters\\common.h(159): Registering web_reg_save_param was successful  	[MsgId: MMSG-26390]
..\\Parameters\\common.h(166): web_reg_save_param started  	[MsgId: MMSG-26355]
..\\Parameters\\common.h(166): Registering web_reg_save_param was successful  	[MsgId: MMSG-26390]
..\\Parameters\\common.h(179): web_submit_data("reservations.pl") started  	[MsgId: MMSG-26355]
..\\Parameters\\common.h(179): Resource "http://localhost:1080/WebTours/images/button_next.gif" is in the cache already and will not be downloaded again  	[MsgId: MMSG-26655]
..\\Parameters\\common.h(179): Registered web_reg_find successful for "Text=Flight departing from " (count=2)  	[MsgId: MMSG-26364]
..\\Parameters\\common.h(179): Registered web_reg_find successful for "Text=from <B>Paris</B> to <B>Denver</B> on <B>05/20/2023</B>" (count=1)  	[MsgId: MMSG-26364]
..\\Parameters\\common.h(179): Registered web_reg_find successful for "Text=from <B>Denver</B> to <B>Paris</B> on <B>06/09/2023</B>" (count=1)  	[MsgId: MMSG-26364]
..\\Parameters\\common.h(179): web_submit_data("reservations.pl") was successful, 3578 body bytes, 255 header bytes, 12 chunking overhead bytes  	[MsgId: MMSG-26385]
..\\Parameters\\common.h(206): Notify: Transaction "fing_flight" ended with a "Pass" status (Duration: 0.1247 Wasted Time: 0.0061).
..\\Parameters\\common.h(244): Notify: Transaction "select_ticket" started.
..\\Parameters\\common.h(246): web_reg_find started  	[MsgId: MMSG-26355]
..\\Parameters\\common.h(246): Registering web_reg_find was successful  	[MsgId: MMSG-26390]
..\\Parameters\\common.h(249): web_submit_data("reservations.pl_2") started  	[MsgId: MMSG-26355]
..\\Parameters\\common.h(249): Resource "http://localhost:1080/WebTours/images/button_next.gif" is in the cache already and will not be downloaded again  	[MsgId: MMSG-26655]
..\\Parameters\\common.h(249): Registered web_reg_find successful for "Text=Street Address" (count=1)  	[MsgId: MMSG-26364]
..\\Parameters\\common.h(249): web_submit_data("reservations.pl_2") was successful, 2676 body bytes, 255 header bytes, 12 chunking overhead bytes  	[MsgId: MMSG-26385]
..\\Parameters\\common.h(267): Notify: Transaction "select_ticket" ended with a "Pass" status (Duration: 0.0821 Wasted Time: 0.0043).
..\\Parameters\\common.h(118): Notify: Transaction "log_out" started.
..\\Parameters\\common.h(120): web_remove_auto_header("Origin") started  	[MsgId: MMSG-26355]
..\\Parameters\\common.h(120): Previous automatically added web header for "Origin" removed  	[MsgId: MMSG-26587]
..\\Parameters\\common.h(120): web_remove/revert_auto_header("Origin") was successful  	[MsgId: MMSG-26392]
..\\Parameters\\common.h(122): web_reg_find started  	[MsgId: MMSG-26355]
..\\Parameters\\common.h(122): Registering web_reg_find was successful  	[MsgId: MMSG-26390]
..\\Parameters\\common.h(125): web_url("SignOff Button") started  	[MsgId: MMSG-26355]
..\\Parameters\\common.h(125): Detected non-resource "http://localhost:1080/cgi-bin/nav.pl?in=home" in "http://localhost:1080/cgi-bin/welcome.pl?signOff=1"  	[MsgId: MMSG-26574]
..\\Parameters\\common.h(125): Detected non-resource "http://localhost:1080/WebTours/home.html" in "http://localhost:1080/cgi-bin/welcome.pl?signOff=1"  	[MsgId: MMSG-26574]
..\\Parameters\\common.h(125): Retrieving data from cache for "http://localhost:1080/WebTours/home.html"  	[MsgId: MMSG-26558]
..\\Parameters\\common.h(125): Resource "http://localhost:1080/WebTours/images/mer_login.gif" is in the cache already and will not be downloaded again  	[MsgId: MMSG-26655]
..\\Parameters\\common.h(125): Registered web_reg_find successful for "Text=A Session ID has been created" (count=1)  	[MsgId: MMSG-26364]
..\\Parameters\\common.h(125): web_url("SignOff Button") was successful, 2174 body bytes, 582 header bytes, 24 chunking overhead bytes  	[MsgId: MMSG-26385]
..\\Parameters\\common.h(135): Notify: Transaction "log_out" ended with a "Pass" status (Duration: 0.1410 Wasted Time: 0.0049).
Action.c(55): Notify: Transaction "3_script_Search_tiskets_without_payment" ended with a "Pass" status (Duration: 1.1537 Wasted Time: 0.1362).
Ending action Action.
Ending iteration 1.
Ending Vuser...
Starting action vuser_end.
Ending action vuser_end.
Vuser Terminated.
