..\\Parameters\\common.h(125):     <br/><br/><br/><br/><br/><br/>\n
..\\Parameters\\common.h(125):     <br/><small>\n
..\\Parameters\\common.h(125):     This product uses parts of the SMT Kernel, Copyright (c) 1991-99 <A href="http://www.imati
..\\Parameters\\common.h(125):     x.com" target="new"><B><small>iMatix Corporation</small></B></A> \n
..\\Parameters\\common.h(125):     </small>\n
..\\Parameters\\common.h(125):     </blockquote></TD>\n
..\\Parameters\\common.h(125):     <TD></TD></TR>\n
..\\Parameters\\common.h(125):     </table>\n
..\\Parameters\\common.h(125):     </body>\n
..\\Parameters\\common.h(125):     </HTML>\n
..\\Parameters\\common.h(125): t=420696ms: 5-byte chunked response overhead for "http://localhost:1080/cgi-bin/welcome.pl?signOff=1" (RelFrameId=1, Internal ID=232)
..\\Parameters\\common.h(125):     0\r\n
..\\Parameters\\common.h(125):     \r\n
..\\Parameters\\common.h(125): t=420732ms: 256-byte response headers for "http://localhost:1080/cgi-bin/nav.pl?in=home" (RelFrameId=1.1, Internal ID=233)
..\\Parameters\\common.h(125):     HTTP/1.1 200 OK\r\n
..\\Parameters\\common.h(125):     Date: Wed, 17 May 2023 10:45:13 GMT\r\n
..\\Parameters\\common.h(125):     Server: Apache/2.2.21 (Win32)\r\n
..\\Parameters\\common.h(125):     Expires: Tue, 16 May 2023 10:45:13 GMT\r\n
..\\Parameters\\common.h(125):     Keep-Alive: timeout=5, max=100\r\n
..\\Parameters\\common.h(125):     Connection: Keep-Alive\r\n
..\\Parameters\\common.h(125):     Transfer-Encoding: chunked\r\n
..\\Parameters\\common.h(125):     Content-Type: text/html; charset=ISO-8859-1\r\n
..\\Parameters\\common.h(125):     \r\n
..\\Parameters\\common.h(125): t=420733ms: 5-byte chunked response overhead for "http://localhost:1080/cgi-bin/nav.pl?in=home" (RelFrameId=1.1, Internal ID=233)
..\\Parameters\\common.h(125):     5d2\r\n
..\\Parameters\\common.h(125): t=420733ms: 2-byte chunked response overhead for "http://localhost:1080/cgi-bin/nav.pl?in=home" (RelFrameId=1.1, Internal ID=233)
..\\Parameters\\common.h(125):     \r\n
..\\Parameters\\common.h(125): t=420733ms: 1490-byte chunked response body for "http://localhost:1080/cgi-bin/nav.pl?in=home" (RelFrameId=1.1, Internal ID=233)
..\\Parameters\\common.h(125):     <!DOCTYPE html\n
..\\Parameters\\common.h(125):     \tPUBLIC "-//W3C//DTD XHTML 1.0 Transitional//EN"\n
..\\Parameters\\common.h(125):     \t "http://www.w3.org/TR/xhtml1/DTD/xhtml1-transitional.dtd">\n
..\\Parameters\\common.h(125):     <html xmlns="http://www.w3.org/1999/xhtml" lang="en-US" xml:lang="en-US">\n
..\\Parameters\\common.h(125):     <head>\n
..\\Parameters\\common.h(125):     <title>Web Tours Navigation Bar</title>\n
..\\Parameters\\common.h(125):     <meta http-equiv="Content-Type" content="text/html; charset=iso-8859-1" />\n
..\\Parameters\\common.h(125):     </head>\n
..\\Parameters\\common.h(125):     <body bgcolor="#E0E7F1">\n
..\\Parameters\\common.h(125):     <style>\n
..\\Parameters\\common.h(125):     blockquote {font-family: tahoma; font-size : 10pt}\n
..\\Parameters\\common.h(125):     H1 {font-family: tahoma; font-size : 22pt; color: #993333}\n
..\\Parameters\\common.h(125):     H3 {font-family: tahoma; font-size : 10pt; color: black}\n
..\\Parameters\\common.h(125):     small {font-family: tahoma; font-size : 8pt}\n
..\\Parameters\\common.h(125):     </style>\n
..\\Parameters\\common.h(125):     <form method="post" action="/cgi-bin/login.pl" target="body">\n
..\\Parameters\\common.h(125):     <input type="hidden" name="userSession" value="136437.449412718HAViAAVpDAtVzzzHtcVAipAAHic
..\\Parameters\\common.h(125):     f"/>\n
..\\Parameters\\common.h(125):     <table border="0"><tr><td>&nbsp;</td>\n
..\\Parameters\\common.h(125):     <td>&nbsp;</td></tr>\n
..\\Parameters\\common.h(125):     <tr><td>&nbsp;</td>\n
..\\Parameters\\common.h(125):     <td>&nbsp;</td></tr>\n
..\\Parameters\\common.h(125):     <tr><td>&nbsp;</td>\n
..\\Parameters\\common.h(125):     <td><small>&nbsp;Username</small></td></tr>\n
..\\Parameters\\common.h(125):     <tr><td>&nbsp;</td>\n
..\\Parameters\\common.h(125):     <td><input type="text" name="username" value="" size="14" maxlength="14"/></td></tr>\n
..\\Parameters\\common.h(125):     <tr><td>&nbsp;</td>\n
..\\Parameters\\common.h(125):     <td><small>&nbsp;Password</small></td>\n
..\\Parameters\\common.h(125):     <tr><td>&nbsp;</td>\n
..\\Parameters\\common.h(125):     <td><input type="password" name="password" value="" size="14" maxlength="14"/></td></tr>\n
..\\Parameters\\common.h(125):     <tr><td>&nbsp;</td>\n
..\\Parameters\\common.h(125):     <td>&nbsp;</td></tr>\n
..\\Parameters\\common.h(125):     <tr><td>&nbsp;</td>\n
..\\Parameters\\common.h(125):     <td><input type="image" name="login" value="Login" alt="Login" border="1" \n
..\\Parameters\\common.h(125):     src="/WebTours/images/mer_login.gif"/></td></tr>\n
..\\Parameters\\common.h(125):     <tr><td>&nbsp;</td><td>&nbsp;</td></tr>\n
..\\Parameters\\common.h(125):     </table><input type="hidden" name="JSFormSubmit" value="off"/>\n
..\\Parameters\\common.h(125):     </form>\n
..\\Parameters\\common.h(125):     \n
..\\Parameters\\common.h(125):     </body>\n
..\\Parameters\\common.h(125):     </html>\n
..\\Parameters\\common.h(125): Resource "http://localhost:1080/WebTours/images/mer_login.gif" is in the cache already and will not be downloaded again  	[MsgId: MMSG-26655]
..\\Parameters\\common.h(125): t=420735ms: 5-byte chunked response overhead for "http://localhost:1080/cgi-bin/nav.pl?in=home" (RelFrameId=1.1, Internal ID=233)
..\\Parameters\\common.h(125):     0\r\n
..\\Parameters\\common.h(125):     \r\n
..\\Parameters\\common.h(125): Registered web_reg_find successful for "Text=A Session ID has been created" (count=1)  	[MsgId: MMSG-26364]
..\\Parameters\\common.h(125): web_url("SignOff Button") was successful, 2176 body bytes, 583 header bytes, 24 chunking overhead bytes  	[MsgId: MMSG-26385]
..\\Parameters\\common.h(135): Notify: Transaction "log_out" ended with a "Pass" status (Duration: 0,0778 Wasted Time: 0,0000).	[MsgId: MMSG-16871]
Action.c(78): Notify: Transaction "2_script_delete_reservation" ended with a "Pass" status (Duration: 20,4849 Think Time: 20,0148 Wasted Time: 0,0004).	[MsgId: MMSG-16870]
Ending action Action.	[MsgId: MMSG-15918]
Ending iteration 9.	[MsgId: MMSG-15965]
Waiting 29,5140 seconds for iteration pacing.	[MsgId: MMSG-15996]
Action was aborted.	[MsgId: MMSG-10694]
Ending Vuser...	[MsgId: MMSG-15966]
Starting action vuser_end.	[MsgId: MMSG-15919]
Ending action vuser_end.	[MsgId: MMSG-15918]
Vuser Terminated.	[MsgId: MMSG-15963]
Vuser 0 (thread 2036), ended OK."	[MsgId: MMSG-10695]
