..\\Parameters\\common.h(233):           <li><i> Svetlana Svetlanovna      <li><i>Vitaly Petrov       <li><i> RimmaKirkorov\n
..\\Parameters\\common.h(233):           <li><i></i>\n
..\\Parameters\\common.h(233):           </td></tr></table></center>\n
..\\Parameters\\common.h(233):       </TD>\n
..\\Parameters\\common.h(233):       <TD width="5%" >.<br/>.<br/>.<br/>.</TD>\n
..\\Parameters\\common.h(233):       <TD width="45%" valign=top><b>Invoice sent to:</b><br/>\n
..\\Parameters\\common.h(233):           <center>\n
..\\Parameters\\common.h(233):           <Table width="80%" cellspacing="0" > <tr> <td>\n
..\\Parameters\\common.h(233):               Svetlana Svetlanovna\n
..\\Parameters\\common.h(233):     <br/>\n
..\\Parameters\\common.h(233):               Kdayrova<br/>\n
..\\Parameters\\common.h(233):               Piter<br/>\n
..\\Parameters\\common.h(233):               <br/>\n
..\\Parameters\\common.h(233):               Total Charge: $ 552 <BR/> (CC: x-0000)\n
..\\Parameters\\common.h(233):           </td> </tr> </table>\n
..\\Parameters\\common.h(233):           </center>\n
..\\Parameters\\common.h(233):       </TD>\n
..\\Parameters\\common.h(233):     </TR>\n
..\\Parameters\\common.h(233):     <TR bgcolor="#EFF2F7">\n
..\\Parameters\\common.h(233):       <TD COLSPAN="3">\n
..\\Parameters\\common.h(233):       <b>Flight Details:</b><BR/>  <center>\n
..\\Parameters\\common.h(233):       01/05/2023 \n
..\\Parameters\\common.h(233):      :  1pm : Flight 491 leaves Paris  for Zurich.<br>  </center>\n
..\\Parameters\\common.h(233):       </TD>\n
..\\Parameters\\common.h(233):     </TR>\n
..\\Parameters\\common.h(233):     \n
..\\Parameters\\common.h(233):     <TR bgcolor="#EFF2F7">\n
..\\Parameters\\common.h(233):       <TD COLSPAN="4">\n
..\\Parameters\\common.h(233):       <hr/>\n
..\\Parameters\\common.h(233):       </TD>\n
..\\Parameters\\common.h(233):     </TR>\n
..\\Parameters\\common.h(233):     \n
..\\Parameters\\common.h(233):     <!-- Flight #1 -->\n
..\\Parameters\\common.h(233):     <TR bgcolor="#EFF2F7">\n
..\\Parameters\\common.h(233):       <TD width="5%" rowspan="2" align="left" valign="top">\n
..\\Parameters\\common.h(233):     <b>\n
..\\Parameters\\common.h(233):     <label><input type="checkbox" name="224" value="on" /></label></font></b>\n
..\\Parameters\\common.h(233):     <input type="hidden" name="flightID" value="164626027-1723191-TP"  />\n
..\\Parameters\\common.h(233):       </TD>\n
..\\Parameters\\common.h(233):       <TD width="45%" valign="top">\n
..\\Parameters\\common.h(233):           <b>&nbsp;&nbsp;2 First class tickets for :</b><br/>\n
..\\Parameters\\common.h(233):           <center><table border="0" width="85%"><tr><td>\n
..\\Parameters\\common.h(233):           <li><i> Tamara Petrov      <li><i>Dima Kazarin \n
..\\Parameters\\common.h(233):           <li><i></i>\n
..\\Parameters\\common.h(233):           </td></tr></table></center>\n
..\\Parameters\\common.h(233):       </TD>\n
..\\Parameters\\common.h(233):       <TD width="5%" >.<br/>.<br/>.<br/>.</TD>\n
..\\Parameters\\common.h(233):       <TD width="45%" valign=top><b>Invoice sent to:</b><br/>\n
..\\Parameters\\common.h(233):           <center>\n
..\\Parameters\\common.h(233):           <Table width="80%" cellspacing="0" > <tr> <td>\n
..\\Parameters\\common.h(233):               Tamara Petrov\n
..\\Parameters\\common.h(233):     <br/>\n
..\\Parameters\\common.h(233):               Kreml<br/>\n
..\\Parameters\\common.h(233):               Moscow<br/>\n
..\\Parameters\\common.h(233):               <br/>\n
..\\Parameters\\common.h(233):               Total Charge: $ 1492 <BR/> (CC: x-4444)\n
..\\Parameters\\common.h(233):           </td> </tr> </table>\n
..\\Parameters\\common.h(233):           </center>\n
..\\Parameters\\common.h(233):       </TD>\n
..\\Parameters\\common.h(233):     </TR>\n
..\\Parameters\\common.h(233):     <TR bgcolor="#EFF2F7">\n
..\\Parameters\\common.h(233):       <TD COLSPAN="3">\n
..\\Parameters\\common.h(233):       <b>Flight Details:</b><BR/>  <center>\n
..\\Parameters\\common.h(233):       03/05/2023 \n
..\\Parameters\\common.h(233):      :  5pm : Flight 902 leaves Zurich  for Denver.<br>  </center>\n
..\\Parameters\\common.h(233):       </TD>\n
..\\Parameters\\common.h(233):     </TR>\n
..\\Parameters\\common.h(233):     \n
..\\Parameters\\common.h(233):     <TR bgcolor="#EFF2F7">\n
..\\Parameters\\common.h(233):       <TD COLSPAN="4">\n
..\\Parameters\\common.h(233):       <hr/>\n
..\\Parameters\\common.h(233):       </TD>\n
..\\Parameters\\common.h(233):     </TR>\n
..\\Parameters\\common.h(233):     \n
..\\Parameters\\common.h(233):     <!-- Flight #1 -->\n
..\\Parameters\\common.h(233):     <TR bgcolor="#EFF2F7">\n
..\\Parameters\\common.h(233):       <TD width="5%" rowspan="2" align="left" valign="top">\n
..\\Parameters\\common.h(233):     <b>\n
..\\Parameters\\common.h(233):     <label><input type="checkbox" name="225" value="on" /></label></font></b>\n
..\\Parameters\\common.h(233):     <input type="hidden" name="flightID" value="1646252-1730-AP"  />\n
..\\Parameters\\common.h(233):       </TD>\n
..\\Parameters\\common.h(233):       <TD width="45%" valign="top">\n
..\\Parameters\\common.h(233):           <b>&nbsp;&nbsp;3 First class tickets for :</b><br/>\n
..\\Parameters\\common.h(233):           <center><table border="0" width="85%"><tr><td>\n
..\\Parameters\\common.h(233):           <li><i> Anna Petrov      <li><i>Vitaly Kazarin       <li><i> AnnaIvanova\n
..\\Parameters\\common.h(233):           <li><i></i>\n
..\\Parameters\\common.h(233):           </td></tr></table></center>\n
..\\Parameters\\common.h(233):       </TD>\n
..\\Parameters\\common.h(233):       <TD width="5%" >.<br/>.<br/>.<br/>.</TD>\n
..\\Parameters\\common.h(233):       <TD width="45%" valign=top><b>Invoice sent to:</b><br/>\n
..\\Parameters\\common.h(233):           <center>\n
..\\Parameters\\common.h(233):           <Table width="80%" cellspacing="0" > <tr> <td>\n
..\\Parameters\\common.h(233):               Anna Petrov\n
..\\Parameters\\common.h(233):     <br/>\n
..\\Parameters\\common.h(233):               Lenina<br/>\n
..\\Parameters\\common.h(233):               Kazan<br/>\n
..\\Parameters\\common.h(233):               <br/>\n
..\\Parameters\\common.h(233):               Total Charge: $ 0 <BR/> (CC: x-4444)\n
..\\Parameters\\common.h(233):           </td> </tr> </table>\n
..\\Parameters\\common.h(233):           </center>\n
..\\Parameters\\common.h(233):       </TD>\n
..\\Parameters\\common.h(233):     </TR>\n
..\\Parameters\\common.h(233):     <TR bgcolor="#EFF2F7">\n
..\\Parameters\\common.h(233):       <TD COLSPAN="3">\n
..\\Parameters\\common.h(233):       <b>Flight Details:</b><BR/>  <center>\n
..\\Parameters\\common.h(233):       01/06/2023 \n
..\\Parameters\\common.h(233):      :  1pm : Flight 881 leaves Sydney  for Sydney.<br>  </center>\n
..\\Parameters\\common.h(233):       </TD>\n
..\\Parameters\\common.h(233):     </TR>\n
..\\Parameters\\common.h(233):     \n
..\\Parameters\\common.h(233):     <TR bgcolor="#EFF2F7">\n
..\\Parameters\\common.h(233):       <TD COLSPAN="4">\n
..\\Parameters\\common.h(233):       <hr/>\n
..\\Parameters\\common.h(233):       </TD>\n
..\\Parameters\\common.h(233):     </TR>\n
..\\Parameters\\common.h(233):     \n
..\\Parameters\\common.h(233):     <!-- Flight #1 -->\n
..\\Parameters\\common.h(233):     <TR bgcolor="#EFF2F7">\n
..\\Parameters\\common.h(233):       <TD width="5%" rowspan="2" align="left" valign="top">\n
..\\Parameters\\common.h(233):     <b>\n
..\\Parameters\\common.h(233):     <label><input type="checkbox" name="226" value="on" /></label></font></b>\n
..\\Parameters\\common.h(233):     <input type="hidden" name="flightID" value="164625989-1738569-gK"  />\n
..\\Parameters\\common.h(233):       </TD>\n
..\\Parameters\\common.h(233):       <TD width="45%" valign="top">\n
..\\Parameters\\common.h(233):           <b>&nbsp;&nbsp;2 First class tickets for :</b><br/>\n
..\\Parameters\\common.h(233):           <center><table border="0" width="85%"><tr><td>\n
..\\Parameters\\common.h(233):           <li><i> gennadiy Kuznecov      <li><i>Sergey Sidorov \n
..\\Parameters\\common.h(233):           <li><i></i>\n
..\\Parameters\\common.h(233):           </td></tr></table></center>\n
..\\Parameters\\common.h(233):       </TD>\n
..\\Parameters\\common.h(233):       <TD width="5%" >.<br/>.<br/>.<br/>.</TD>\n
..\\Parameters\\common.h(233):       <TD width="45%" valign=top><b>Invoice sent to:</b><br/>\n
..\\Parameters\\common.h(233):           <center>\n
..\\Parameters\\common.h(233):           <Table width="80%" cellspacing="0" > <tr> <td>\n
..\\Parameters\\common.h(233):               gennadiy Kuznecov\n
..\\Parameters\\common.h(233):     <br/>\n
..\\Parameters\\common.h(233):               Kreml<br/>\n
..\\Parameters\\common.h(233):               Samara<br/>\n
..\\Parameters\\common.h(233):               <br/>\n
..\\Parameters\\common.h(233):               Total Charge: $ 1406 <BR/> (CC: x-4444)\n
..\\Parameters\\common.h(233):           </td> </tr> </table>\n
..\\Parameters\\common.h(233):           </center>\n
..\\Parameters\\common.h(233):       </TD>\n
..\\Parameters\\common.h(233):     </TR>\n
..\\Parameters\\common.h(233):     <TR bgcolor="#EFF2F7">\n
..\\Parameters\\common.h(233):       <TD COLSPAN="3">\n
..\\Parameters\\common.h(233):       <b>Flight Details:</b><BR/>  <center>\n
..\\Parameters\\common.h(233):       09/05/2023 \n
..\\Parameters\\common.h(233):      :  1pm : Flight 901 leaves Zurich  for Denver.<br>  </center>\n
..\\Parameters\\common.h(233):       </TD>\n
..\\Parameters\\common.h(233):     </TR>\n
..\\Parameters\\common.h(233):     \n
..\\Parameters\\common.h(233):     <TR bgcolor="#EFF2F7">\n
..\\Parameters\\common.h(233):       <TD COLSPAN="4">\n
..\\Parameters\\common.h(233):       <hr/>\n
..\\Parameters\\common.h(233):       </TD>\n
..\\Parameters\\common.h(233):     </TR>\n
..\\Parameters\\common.h(233):     \n
..\\Parameters\\common.h(233):     <!-- Flight #1 -->\n
..\\Parameters\\common.h(233):     <TR bgcolor="#EFF2F7">\n
..\\Parameters\\common.h(233):       <TD width="5%" rowspan="2" align="left" valign="top">\n
..\\Parameters\\common.h(233):     <b>\n
..\\Parameters\\common.h(233):     <label><input type="checkbox" name="227" value="on" /></label></font></b>\n
..\\Parameters\\common.h(233):     <input type="hidden" name="flightID" value="28806488-174634-RG"  />\n
..\\Parameters\\common.h(233):       </TD>\n
..\\Parameters\\common.h(233):       <TD width="45%" valign="top">\n
..\\Parameters\\common.h(233):           <b>&nbsp;&nbsp;3 Business class tickets for :</b><br/>\n
..\\Parameters\\common.h(233):           <center><table border="0" width="85%"><tr><td>\n
..\\Parameters\\common.h(233):           <li><i> Rezeda Genov      <li><i>Sergey Petrov       <li><i> AnnaSafronova\n
..\\Parameters\\common.h(233):           <li><i></i>\n
..\\Parameters\\common.h(233):           </td></tr></table></center>\n
..\\Parameters\\common.h(233):       </TD>\n
..\\Parameters\\common.h(233):       <TD width="5%" >.<br/>.<br/>.<br/>.</TD>\n
..\\Parameters\\common.h(233):       <TD width="45%" valign=top><b>Invoice sent to:</b><br/>\n
..\\Parameters\\common.h(233):           <center>\n
..\\Parameters\\common.h(233):           <Table width="80%" cellspacing="0" > <tr> <td>\n
..\\Parameters\\common.h(233):               Rezeda Genov\n
..\\Parameters\\common.h(233):     <br/>\n
..\\Parameters\\common.h(233):               Gagarina<br/>\n
..\\Parameters\\common.h(233):               Tyla<br/>\n
..\\Parameters\\common.h(233):               <br/>\n
..\\Parameters\\common.h(233):               Total Charge: $ 249 <BR/> (CC: x-7777)\n
..\\Parameters\\common.h(233):           </td> </tr> </table>\n
..\\Parameters\\common.h(233):           </center>\n
..\\Parameters\\common.h(233):       </TD>\n
..\\Parameters\\common.h(233):     </TR>\n
..\\Parameters\\common.h(233):     <TR bgcolor="#EFF2F7">\n
..\\Parameters\\common.h(233):       <TD COLSPAN="3">\n
..\\Parameters\\common.h(233):       <b>Flight Details:</b><BR/>  <center>\n
..\\Parameters\\common.h(233):       08/06/2023 \n
..\\Parameters\\common.h(233):      :  1pm : Flight 751 leaves Seattle  for Portland.<br>  </center>\n
..\\Parameters\\common.h(233):       </TD>\n
..\\Parameters\\common.h(233):     </TR>\n
..\\Parameters\\common.h(233):     \n
..\\Parameters\\common.h(233):     <TR bgcolor="#EFF2F7">\n
..\\Parameters\\common.h(233):       <TD COLSPAN="4">\n
..\\Parameters\\common.h(233):       <hr/>\n
..\\Parameters\\common.h(233):       </TD>\n
..\\Parameters\\common.h(233):     </TR>\n
..\\Parameters\\common.h(233):     \n
..\\Parameters\\common.h(233):     <!-- Flight #1 -->\n
..\\Parameters\\common.h(233):     <TR bgcolor="#EFF2F7">\n
..\\Parameters\\common.h(233):       <TD width="5%" rowspan="2" align="left" valign="top">\n
..\\Parameters\\common.h(233):     <b>\n
..\\Parameters\\common.h(233):     <label><input type="checkbox" name="228" value="on" /></label></font></b>\n
..\\Parameters\\common.h(233):     <input type="hidden" name="flightID" value="315223-1754006-SG"  />\n
..\\Parameters\\common.h(233):       </TD>\n
..\\Parameters\\common.h(233):       <TD width="45%" valign="top">\n
..\\Parameters\\common.h(233):           <b>&nbsp;&nbsp;2 Business class tickets for :</b><br/>\n
..\\Parameters\\common.h(233):           <center><table border="0" width="85%"><tr><td>\n
..\\Parameters\\common.h(233):           <li><i> Svetlana Genov      <li><i>Dima Kazarin \n
..\\Parameters\\common.h(233):           <li><i></i>\n
..\\Parameters\\common.h(233):           </td></tr></table></center>\n
..\\Parameters\\common.h(233):       </TD>\n
..\\Parameters\\common.h(233):       <TD width="5%" >.<br/>.<br/>.<br/>.</TD>\n
..\\Parameters\\common.h(233):       <TD width="45%" valign=top><b>Invoice sent to:</b><br/>\n
..\\Parameters\\common.h(233):           <center>\n
..\\Parameters\\common.h(233):           <Table width="80%" cellspacing="0" > <tr> <td>\n
..\\Parameters\\common.h(233):               Svetlana Genov\n
..\\Parameters\\common.h(233):     <br/>\n
..\\Parameters\\common.h(233):               Oktibra<br/>\n
..\\Parameters\\common.h(233):               Moskow<br/>\n
..\\Parameters\\common.h(233):               <br/>\n
..\\Parameters\\common.h(233):               Total Charge: $ 2080 <BR/> (CC: x-0000)\n
..\\Parameters\\common.h(233):           </td> </tr> </table>\n
..\\Parameters\\common.h(233):           </center>\n
..\\Parameters\\common.h(233):       </TD>\n
..\\Parameters\\common.h(233):     </TR>\n
..\\Parameters\\common.h(233):     <TR bgcolor="#EFF2F7">\n
..\\Parameters\\common.h(233):       <TD COLSPAN="3">\n
..\\Parameters\\common.h(233):       <b>Flight Details:</b><BR/>  <center>\n
..\\Parameters\\common.h(233):       01/05/2023 \n
..\\Parameters\\common.h(233):      :  1pm : Flight 851 leaves Sydney  for Portland.<br>  </center>\n
..\\Parameters\\common.h(233):       </TD>\n
..\\Parameters\\common.h(233):     </TR>\n
..\\Parameters\\common.h(233):     \n
..\\Parameters\\common.h(233):     <TR bgcolor="#EFF2F7">\n
..\\Parameters\\common.h(233):       <TD COLSPAN="4">\n
..\\Parameters\\common.h(233):       <hr/>\n
..\\Parameters\\common.h(233):       </TD>\n
..\\Parameters\\common.h(233):     </TR>\n
..\\Parameters\\common.h(233):     \n
..\\Parameters\\common.h(233):     <!-- Flight #1 -->\n
..\\Parameters\\common.h(233):     <TR bgcolor="#EFF2F7">\n
..\\Parameters\\common.h(233):       <TD width="5%" rowspan="2" align="left" valign="top">\n
..\\Parameters\\common.h(233):     <b>\n
..\\Parameters\\common.h(233):     <label><input type="checkbox" name="229" value="on" /></label></font></b>\n
..\\Parameters\\common.h(233):     <input type="hidden" name="flightID" value="370336801-1761687-SS"  />\n
..\\Parameters\\common.h(233):       </TD>\n
..\\Parameters\\common.h(233):       <TD width="45%" valign="top">\n
..\\Parameters\\common.h(233):           <b>&nbsp;&nbsp;3 First class tickets for :</b><br/>\n
..\\Parameters\\common.h(233):           <center><table border="0" width="85%"><tr><td>\n
..\\Parameters\\common.h(233):           <li><i> Svetlana Sidorov      <li><i>Vitaly Kazarin       <li><i> RimmaKirkorov\n
..\\Parameters\\common.h(233):           <li><i></i>\n
..\\Parameters\\common.h(233):           </td></tr></table></center>\n
..\\Parameters\\common.h(233):       </TD>\n
..\\Parameters\\common.h(233):       <TD width="5%" >.<br/>.<br/>.<br/>.</TD>\n
..\\Parameters\\common.h(233):       <TD width="45%" valign=top><b>Invoice sent to:</b><br/>\n
..\\Parameters\\common.h(233):           <center>\n
..\\Parameters\\common.h(233):           <Table width="80%" cellspacing="0" > <tr> <td>\n
..\\Parameters\\common.h(233):               Svetlana Sidorov\n
..\\Parameters\\common.h(233):     <br/>\n
..\\Parameters\\common.h(233):               Krasnaia<br/>\n
..\\Parameters\\common.h(233):               Moskow<br/>\n
..\\Parameters\\common.h(233):               <br/>\n
..\\Parameters\\common.h(233):               Total Charge: $ 1938 <BR/> (CC: x-9999)\n
..\\Parameters\\common.h(233):           </td> </tr> </table>\n
..\\Parameters\\common.h(233):           </center>\n
..\\Parameters\\common.h(233):       </TD>\n
..\\Parameters\\common.h(233):     </TR>\n
..\\Parameters\\common.h(233):     <TR bgcolor="#EFF2F7">\n
..\\Parameters\\common.h(233):       <TD COLSPAN="3">\n
..\\Parameters\\common.h(233):       <b>Flight Details:</b><BR/>  <center>\n
..\\Parameters\\common.h(233):       01/05/2023 \n
..\\Parameters\\common.h(233):      :  11pm : Flight 093 leaves Denver  for Zurich.<br>  </center>\n
..\\Parameters\\common.h(233):       </TD>\n
..\\Parameters\\common.h(233):     </TR>\n
..\\Parameters\\common.h(233):     \n
..\\Parameters\\common.h(233):     <TR bgcolor="#EFF2F7">\n
..\\Parameters\\common.h(233):       <TD COLSPAN="4">\n
..\\Parameters\\common.h(233):       <hr/>\n
..\\Parameters\\common.h(233):       </TD>\n
..\\Parameters\\common.h(233):     </TR>\n
..\\Parameters\\common.h(233):     \n
..\\Parameters\\common.h(233):     <!-- Flight #1 -->\n
..\\Parameters\\common.h(233):     <TR bgcolor="#EFF2F7">\n
..\\Parameters\\common.h(233):       <TD width="5%" rowspan="2" align="left" valign="top">\n
..\\Parameters\\common.h(233):     <b>\n
..\\Parameters\\common.h(233):     <label><input type="checkbox" name="230" value="on" /></label></font></b>\n
..\\Parameters\\common.h(233):     <input type="hidden" name="flightID" value="3292167086-1769437-gS"  />\n
..\\Parameters\\common.h(233):       </TD>\n
..\\Parameters\\common.h(233):       <TD width="45%" valign="top">\n
..\\Parameters\\common.h(233):           <b>&nbsp;&nbsp;2 First class tickets for :</b><br/>\n
..\\Parameters\\common.h(233):           <center><table border="0" width="85%"><tr><td>\n
..\\Parameters\\common.h(233):           <li><i> gennadiy Sidorov      <li><i>Vitaly Sidorov \n
..\\Parameters\\common.h(233):           <li><i></i>\n
..\\Parameters\\common.h(233):           </td></tr></table></center>\n
..\\Parameters\\common.h(233):       </TD>\n
..\\Parameters\\common.h(233):       <TD width="5%" >.<br/>.<br/>.<br/>.</TD>\n
..\\Parameters\\common.h(233):       <TD width="45%" valign=top><b>Invoice sent to:</b><br/>\n
..\\Parameters\\common.h(233):           <center>\n
..\\Parameters\\common.h(233):           <Table width="80%" cellspacing="0" > <tr> <td>\n
..\\Parameters\\common.h(233):               gennadiy Sidorov\n
..\\Parameters\\common.h(233):     <br/>\n
..\\Parameters\\common.h(233):               Nevskogo<br/>\n
..\\Parameters\\common.h(233):               Sibai<br/>\n
..\\Parameters\\common.h(233):               <br/>\n
..\\Parameters\\common.h(233):               Total Charge: $ 2690 <BR/> (CC: x-8888)\n
..\\Parameters\\common.h(233):           </td> </tr> </table>\n
..\\Parameters\\common.h(233):           </center>\n
..\\Parameters\\common.h(233):       </TD>\n
..\\Parameters\\common.h(233):     </TR>\n
..\\Parameters\\common.h(233):     <TR bgcolor="#EFF2F7">\n
..\\Parameters\\common.h(233):       <TD COLSPAN="3">\n
..\\Parameters\\common.h(233):       <b>Flight Details:</b><BR/>  <center>\n
..\\Parameters\\common.h(233):       03/05/2023 \n
..\\Parameters\\common.h(233):      :  1pm : Flight 851 leaves Sydney  for Portland.<br>  </center>\n
..\\Parameters\\common.h(233):       </TD>\n
..\\Parameters\\common.h(233):     </TR>\n
..\\Parameters\\common.h(233):     \n
..\\Parameters\\common.h(233):     <TR bgcolor="#EFF2F7">\n
..\\Parameters\\common.h(233):       <TD COLSPAN="4">\n
..\\Parameters\\common.h(233):       <hr/>\n
..\\Parameters\\common.h(233):       </TD>\n
..\\Parameters\\common.h(233):     </TR>\n
..\\Parameters\\common.h(233):     \n
..\\Parameters\\common.h(233):     <!-- Flight #1 -->\n
..\\Parameters\\common.h(233):     <TR bgcolor="#EFF2F7">\n
..\\Parameters\\common.h(233):       <TD width="5%" rowspan="2" align="left" valign="top">\n
..\\Parameters\\common.h(233):     <b>\n
..\\Parameters\\common.h(233):     <label><input type="checkbox" name="231" value="on" /></label></font></b>\n
..\\Parameters\\common.h(233):     <input type="hidden" name="flightID" value="823293403-1777362-PI"  />\n
..\\Parameters\\common.h(233):       </TD>\n
..\\Parameters\\common.h(233):       <TD width="45%" valign="top">\n
..\\Parameters\\common.h(233):           <b>&nbsp;&nbsp;3 First class tickets for :</b><br/>\n
..\\Parameters\\common.h(233):           <center><table border="0" width="85%"><tr><td>\n
..\\Parameters\\common.h(233):           <li><i> Petr Ivanova      <li><i>Sergey Sidorov       <li><i> AnnaKirkorov\n
..\\Parameters\\common.h(233):           <li><i></i>\n
..\\Parameters\\common.h(233):           </td></tr></table></center>\n
..\\Parameters\\common.h(233):       </TD>\n
..\\Parameters\\common.h(233):       <TD width="5%" >.<br/>.<br/>.<br/>.</TD>\n
..\\Parameters\\common.h(233):       <TD width="45%" valign=top><b>Invoice sent to:</b><br/>\n
..\\Parameters\\common.h(233):           <center>\n
..\\Parameters\\common.h(233):           <Table width="80%" cellspacing="0" > <tr> <td>\n
..\\Parameters\\common.h(233):               Petr Ivanova\n
..\\Parameters\\common.h(233):     <br/>\n
..\\Parameters\\common.h(233):               Oktibra<br/>\n
..\\Parameters\\common.h(233):               Tyla<br/>\n
..\\Parameters\\common.h(233):               <br/>\n
..\\Parameters\\common.h(233):               Total Charge: $ 5709 <BR/> (CC: x-2222)\n
..\\Parameters\\common.h(233):           </td> </tr> </table>\n
..\\Parameters\\common.h(233):           </center>\n
..\\Parameters\\common.h(233):       </TD>\n
..\\Parameters\\common.h(233):     </TR>\n
..\\Parameters\\common.h(233):     <TR bgcolor="#EFF2F7">\n
..\\Parameters\\common.h(233):       <TD COLSPAN="3">\n
..\\Parameters\\common.h(233):       <b>Flight Details:</b><BR/>  <center>\n
..\\Parameters\\common.h(233):       03/05/2023 \n
..\\Parameters\\common.h(233):      :  5pm : Flight 892 leaves Sydney  for Zurich.<br>  </center>\n
..\\Parameters\\common.h(233):       </TD>\n
..\\Parameters\\common.h(233):     </TR>\n
..\\Parameters\\common.h(233):     \n
..\\Parameters\\common.h(233):     <TR bgcolor="#EFF2F7">\n
..\\Parameters\\common.h(233):       <TD COLSPAN="4">\n
..\\Parameters\\common.h(233):       <hr/>\n
..\\Parameters\\common.h(233):       </TD>\n
..\\Parameters\\common.h(233):     </TR>\n
..\\Parameters\\common.h(233):     \n
..\\Parameters\\common.h(233):     <!-- Flight #1 -->\n
..\\Parameters\\common.h(233):     <TR bgcolor="#EFF2F7">\n
..\\Parameters\\common.h(233):       <TD width="5%" rowspan="2" align="left" valign="top">\n
..\\Parameters\\common.h(233):     <b>\n
..\\Parameters\\common.h(233):     <label><input type="checkbox" name="232" value="on" /></label></font></b>\n
..\\Parameters\\common.h(233):     <input type="hidden" name="flightID" value="2880696-1784-PK"  />\n
..\\Parameters\\common.h(233):       </TD>\n
..\\Parameters\\common.h(233):       <TD width="45%" valign="top">\n
..\\Parameters\\common.h(233):           <b>&nbsp;&nbsp;A First class ticket for :</b><br/>\n
..\\Parameters\\common.h(233):           <center><table border="0" width="85%"><tr><td>\n
..\\Parameters\\common.h(233):           <li><i> Pacha Kazarin\n
..\\Parameters\\common.h(233):           <li><i></i>\n
..\\Parameters\\common.h(233):           </td></tr></table></center>\n
..\\Parameters\\common.h(233):       </TD>\n
..\\Parameters\\common.h(233):       <TD width="5%" >.<br/>.<br/>.<br/>.</TD>\n
..\\Parameters\\common.h(233):       <TD width="45%" valign=top><b>Invoice sent to:</b><br/>\n
..\\Parameters\\common.h(233):           <center>\n
..\\Parameters\\common.h(233):           <Table width="80%" cellspacing="0" > <tr> <td>\n
..\\Parameters\\common.h(233):               Pacha Kazarin\n
..\\Parameters\\common.h(233):     <br/>\n
..\\Parameters\\common.h(233):               Gagarina<br/>\n
..\\Parameters\\common.h(233):               Piter<br/>\n
..\\Parameters\\common.h(233):               <br/>\n
..\\Parameters\\common.h(233):               Total Charge: $ 0 <BR/> (CC: x-7777)\n
..\\Parameters\\common.h(233):           </td> </tr> </table>\n
..\\Parameters\\common.h(233):           </center>\n
..\\Parameters\\common.h(233):       </TD>\n
..\\Parameters\\common.h(233):     </TR>\n
..\\Parameters\\common.h(233):     <TR bgcolor="#EFF2F7">\n
..\\Parameters\\common.h(233):       <TD COLSPAN="3">\n
..\\Parameters\\common.h(233):       <b>Flight Details:</b><BR/>  <center>\n
..\\Parameters\\common.h(233):       01/05/2023 \n
..\\Parameters\\common.h(233):      :  1pm : Flight 881 leaves Sydney  for Sydney.<br>  </center>\n
..\\Parameters\\common.h(233):       </TD>\n
..\\Parameters\\common.h(233):     </TR>\n
..\\Parameters\\common.h(233):     \n
..\\Parameters\\common.h(233):     <TR bgcolor="#EFF2F7">\n
..\\Parameters\\common.h(233):       <TD COLSPAN="4">\n
..\\Parameters\\common.h(233):       <hr/>\n
..\\Parameters\\common.h(233):       </TD>\n
..\\Parameters\\common.h(233):     </TR>\n
..\\Parameters\\common.h(233):     \n
..\\Parameters\\common.h(233):     <!-- Flight #1 -->\n
..\\Parameters\\common.h(233):     <TR bgcolor="#EFF2F7">\n
..\\Parameters\\common.h(233):       <TD width="5%" rowspan="2" align="left" valign="top">\n
..\\Parameters\\common.h(233):     <b>\n
..\\Parameters\\common.h(233):     <label><input type="checkbox" name="233" value="on" /></label></font></b>\n
..\\Parameters\\common.h(233):     <input type="hidden" name="flightID" value="1646292-1792-PK"  />\n
..\\Parameters\\common.h(233):       </TD>\n
..\\Parameters\\common.h(233):       <TD width="45%" valign="top">\n
..\\Parameters\\common.h(233):           <b>&nbsp;&nbsp;3 Business class tickets for :</b><br/>\n
..\\Parameters\\common.h(233):           <center><table border="0" width="85%"><tr><td>\n
..\\Parameters\\common.h(233):           <li><i> Petr Kazarin      <li><i>Dima Kazarin       <li><i> RimmaSafronova\n
..\\Parameters\\common.h(233):           <li><i></i>\n
..\\Parameters\\common.h(233):           </td></tr></table></center>\n
..\\Parameters\\common.h(233):       </TD>\n
..\\Parameters\\common.h(233):       <TD width="5%" >.<br/>.<br/>.<br/>.</TD>\n
..\\Parameters\\common.h(233):       <TD width="45%" valign=top><b>Invoice sent to:</b><br/>\n
..\\Parameters\\common.h(233):           <center>\n
..\\Parameters\\common.h(233):           <Table width="80%" cellspacing="0" > <tr> <td>\n
..\\Parameters\\common.h(233):               Petr Kazarin\n
..\\Parameters\\common.h(233):     <br/>\n
..\\Parameters\\common.h(233): t=3827177ms: 8-byte chunked response overhead for "http://localhost:1080/cgi-bin/itinerary.pl" (RelFrameId=1, Internal ID=1973)
..\\Parameters\\common.h(233):     \r\n
..\\Parameters\\common.h(233):     1000\r\n
..\\Parameters\\common.h(233): t=3827177ms: 8-byte chunked response overhead for "http://localhost:1080/cgi-bin/itinerary.pl" (RelFrameId=1, Internal ID=1973)
..\\Parameters\\common.h(233):     \r\n
..\\Parameters\\common.h(233):     3000\r\n
..\\Parameters\\common.h(233): t=3827177ms: 12271-byte chunked response body for "http://localhost:1080/cgi-bin/itinerary.pl" (RelFrameId=1, Internal ID=1973)
..\\Parameters\\common.h(233):               Kdayrova<br/>\n
..\\Parameters\\common.h(233):               Samara<br/>\n
..\\Parameters\\common.h(233):               <br/>\n
..\\Parameters\\common.h(233):               Total Charge: $ 0 <BR/> (CC: x-4444)\n
..\\Parameters\\common.h(233):           </td> </tr> </table>\n
..\\Parameters\\common.h(233):           </center>\n
..\\Parameters\\common.h(233):       </TD>\n
..\\Parameters\\common.h(233):     </TR>\n
..\\Parameters\\common.h(233):     <TR bgcolor="#EFF2F7">\n
..\\Parameters\\common.h(233):       <TD COLSPAN="3">\n
..\\Parameters\\common.h(233):       <b>Flight Details:</b><BR/>  <center>\n
..\\Parameters\\common.h(233):       05/05/2023 \n
..\\Parameters\\common.h(233):      :  1pm : Flight 991 leaves Zurich  for Zurich.<br>  </center>\n
..\\Parameters\\common.h(233):       </TD>\n
..\\Parameters\\common.h(233):     </TR>\n
..\\Parameters\\common.h(233):     \n
..\\Parameters\\common.h(233):     <TR bgcolor="#EFF2F7">\n
..\\Parameters\\common.h(233):       <TD COLSPAN="4">\n
..\\Parameters\\common.h(233):       <hr/>\n
..\\Parameters\\common.h(233):       </TD>\n
..\\Parameters\\common.h(233):     </TR>\n
..\\Parameters\\common.h(233):     \n
..\\Parameters\\common.h(233):     <!-- Flight #1 -->\n
..\\Parameters\\common.h(233):     <TR bgcolor="#EFF2F7">\n
..\\Parameters\\common.h(233):       <TD width="5%" rowspan="2" align="left" valign="top">\n
..\\Parameters\\common.h(233):     <b>\n
..\\Parameters\\common.h(233):     <label><input type="checkbox" name="234" value="on" /></label></font></b>\n
..\\Parameters\\common.h(233):     <input type="hidden" name="flightID" value="29775-1800216-SK"  />\n
..\\Parameters\\common.h(233):       </TD>\n
..\\Parameters\\common.h(233):       <TD width="45%" valign="top">\n
..\\Parameters\\common.h(233):           <b>&nbsp;&nbsp;3 Business class tickets for :</b><br/>\n
..\\Parameters\\common.h(233):           <center><table border="0" width="85%"><tr><td>\n
..\\Parameters\\common.h(233):           <li><i> Svetlana Kazarin      <li><i>Vitaly Kazarin       <li><i> AnnaIvanova\n
..\\Parameters\\common.h(233):           <li><i></i>\n
..\\Parameters\\common.h(233):           </td></tr></table></center>\n
..\\Parameters\\common.h(233):       </TD>\n
..\\Parameters\\common.h(233):       <TD width="5%" >.<br/>.<br/>.<br/>.</TD>\n
..\\Parameters\\common.h(233):       <TD width="45%" valign=top><b>Invoice sent to:</b><br/>\n
..\\Parameters\\common.h(233):           <center>\n
..\\Parameters\\common.h(233):           <Table width="80%" cellspacing="0" > <tr> <td>\n
..\\Parameters\\common.h(233):               Svetlana Kazarin\n
..\\Parameters\\common.h(233):     <br/>\n
..\\Parameters\\common.h(233):               Lenina<br/>\n
..\\Parameters\\common.h(233):               Moscow<br/>\n
..\\Parameters\\common.h(233):               <br/>\n
..\\Parameters\\common.h(233):               Total Charge: $ 2817 <BR/> (CC: x-0000)\n
..\\Parameters\\common.h(233):           </td> </tr> </table>\n
..\\Parameters\\common.h(233):           </center>\n
..\\Parameters\\common.h(233):       </TD>\n
..\\Parameters\\common.h(233):     </TR>\n
..\\Parameters\\common.h(233):     <TR bgcolor="#EFF2F7">\n
..\\Parameters\\common.h(233):       <TD COLSPAN="3">\n
..\\Parameters\\common.h(233):       <b>Flight Details:</b><BR/>  <center>\n
..\\Parameters\\common.h(233):       05/05/2023 \n
..\\Parameters\\common.h(233):      :  11pm : Flight 803 leaves Sydney  for Denver.<br>  </center>\n
..\\Parameters\\common.h(233):       </TD>\n
..\\Parameters\\common.h(233):     </TR>\n
..\\Parameters\\common.h(233):     \n
..\\Parameters\\common.h(233):     <TR bgcolor="#EFF2F7">\n
..\\Parameters\\common.h(233):       <TD COLSPAN="4">\n
..\\Parameters\\common.h(233):       <hr/>\n
..\\Parameters\\common.h(233):       </TD>\n
..\\Parameters\\common.h(233):     </TR>\n
..\\Parameters\\common.h(233):     \n
..\\Parameters\\common.h(233):     <!-- Flight #1 -->\n
..\\Parameters\\common.h(233):     <TR bgcolor="#EFF2F7">\n
..\\Parameters\\common.h(233):       <TD width="5%" rowspan="2" align="left" valign="top">\n
..\\Parameters\\common.h(233):     <b>\n
..\\Parameters\\common.h(233):     <label><input type="checkbox" name="235" value="on" /></label></font></b>\n
..\\Parameters\\common.h(233):     <input type="hidden" name="flightID" value="246918206-1807781-TS"  />\n
..\\Parameters\\common.h(233):       </TD>\n
..\\Parameters\\common.h(233):       <TD width="45%" valign="top">\n
..\\Parameters\\common.h(233):           <b>&nbsp;&nbsp;2 Business class tickets for :</b><br/>\n
..\\Parameters\\common.h(233):           <center><table border="0" width="85%"><tr><td>\n
..\\Parameters\\common.h(233):           <li><i> Tamara Svetlanovna      <li><i>Sergey Kazarin \n
..\\Parameters\\common.h(233):           <li><i></i>\n
..\\Parameters\\common.h(233):           </td></tr></table></center>\n
..\\Parameters\\common.h(233):       </TD>\n
..\\Parameters\\common.h(233):       <TD width="5%" >.<br/>.<br/>.<br/>.</TD>\n
..\\Parameters\\common.h(233):       <TD width="45%" valign=top><b>Invoice sent to:</b><br/>\n
..\\Parameters\\common.h(233):           <center>\n
..\\Parameters\\common.h(233):           <Table width="80%" cellspacing="0" > <tr> <td>\n
..\\Parameters\\common.h(233):               Tamara Svetlanovna\n
..\\Parameters\\common.h(233):     <br/>\n
..\\Parameters\\common.h(233):               Kdayrova<br/>\n
..\\Parameters\\common.h(233):               Kazan<br/>\n
..\\Parameters\\common.h(233):               <br/>\n
..\\Parameters\\common.h(233):               Total Charge: $ 1156 <BR/> (CC: x-6666)\n
..\\Parameters\\common.h(233):           </td> </tr> </table>\n
..\\Parameters\\common.h(233):           </center>\n
..\\Parameters\\common.h(233):       </TD>\n
..\\Parameters\\common.h(233):     </TR>\n
..\\Parameters\\common.h(233):     <TR bgcolor="#EFF2F7">\n
..\\Parameters\\common.h(233):       <TD COLSPAN="3">\n
..\\Parameters\\common.h(233):       <b>Flight Details:</b><BR/>  <center>\n
..\\Parameters\\common.h(233):       08/06/2023 \n
..\\Parameters\\common.h(233):      :  1pm : Flight 791 leaves Seattle  for Zurich.<br>  </center>\n
..\\Parameters\\common.h(233):       </TD>\n
..\\Parameters\\common.h(233):     </TR>\n
..\\Parameters\\common.h(233):     \n
..\\Parameters\\common.h(233):     <TR bgcolor="#EFF2F7">\n
..\\Parameters\\common.h(233):       <TD COLSPAN="4">\n
..\\Parameters\\common.h(233):       <hr/>\n
..\\Parameters\\common.h(233):       </TD>\n
..\\Parameters\\common.h(233):     </TR>\n
..\\Parameters\\common.h(233):     \n
..\\Parameters\\common.h(233):     <!-- Flight #1 -->\n
..\\Parameters\\common.h(233):     <TR bgcolor="#EFF2F7">\n
..\\Parameters\\common.h(233):       <TD width="5%" rowspan="2" align="left" valign="top">\n
..\\Parameters\\common.h(233):     <b>\n
..\\Parameters\\common.h(233):     <label><input type="checkbox" name="236" value="on" /></label></font></b>\n
..\\Parameters\\common.h(233):     <input type="hidden" name="flightID" value="41166413-181564-PK"  />\n
..\\Parameters\\common.h(233):       </TD>\n
..\\Parameters\\common.h(233):       <TD width="45%" valign="top">\n
..\\Parameters\\common.h(233):           <b>&nbsp;&nbsp;2 Business class tickets for :</b><br/>\n
..\\Parameters\\common.h(233):           <center><table border="0" width="85%"><tr><td>\n
..\\Parameters\\common.h(233):           <li><i> Pacha Kuznecov      <li><i>Dima Petrov \n
..\\Parameters\\common.h(233):           <li><i></i>\n
..\\Parameters\\common.h(233):           </td></tr></table></center>\n
..\\Parameters\\common.h(233):       </TD>\n
..\\Parameters\\common.h(233):       <TD width="5%" >.<br/>.<br/>.<br/>.</TD>\n
..\\Parameters\\common.h(233):       <TD width="45%" valign=top><b>Invoice sent to:</b><br/>\n
..\\Parameters\\common.h(233):           <center>\n
..\\Parameters\\common.h(233):           <Table width="80%" cellspacing="0" > <tr> <td>\n
..\\Parameters\\common.h(233):               Pacha Kuznecov\n
..\\Parameters\\common.h(233):     <br/>\n
..\\Parameters\\common.h(233):               Lenina<br/>\n
..\\Parameters\\common.h(233):               Sibai<br/>\n
..\\Parameters\\common.h(233):               <br/>\n
..\\Parameters\\common.h(233):               Total Charge: $ 338 <BR/> (CC: x-1111)\n
..\\Parameters\\common.h(233):           </td> </tr> </table>\n
..\\Parameters\\common.h(233):           </center>\n
..\\Parameters\\common.h(233):       </TD>\n
..\\Parameters\\common.h(233):     </TR>\n
..\\Parameters\\common.h(233):     <TR bgcolor="#EFF2F7">\n
..\\Parameters\\common.h(233):       <TD COLSPAN="3">\n
..\\Parameters\\common.h(233):       <b>Flight Details:</b><BR/>  <center>\n
..\\Parameters\\common.h(233):       03/05/2023 \n
..\\Parameters\\common.h(233):      :  11pm : Flight 493 leaves Paris  for Zurich.<br>  </center>\n
..\\Parameters\\common.h(233):       </TD>\n
..\\Parameters\\common.h(233):     </TR>\n
..\\Parameters\\common.h(233):     \n
..\\Parameters\\common.h(233):     <TR bgcolor="#EFF2F7">\n
..\\Parameters\\common.h(233):       <TD COLSPAN="4">\n
..\\Parameters\\common.h(233):       <hr/>\n
..\\Parameters\\common.h(233):       </TD>\n
..\\Parameters\\common.h(233):     </TR>\n
..\\Parameters\\common.h(233):     \n
..\\Parameters\\common.h(233):     <!-- Flight #1 -->\n
..\\Parameters\\common.h(233):     <TR bgcolor="#EFF2F7">\n
..\\Parameters\\common.h(233):       <TD width="5%" rowspan="2" align="left" valign="top">\n
..\\Parameters\\common.h(233):     <b>\n
..\\Parameters\\common.h(233):     <label><input type="checkbox" name="237" value="on" /></label></font></b>\n
..\\Parameters\\common.h(233):     <input type="hidden" name="flightID" value="370335273-182336-PG"  />\n
..\\Parameters\\common.h(233):       </TD>\n
..\\Parameters\\common.h(233):       <TD width="45%" valign="top">\n
..\\Parameters\\common.h(233):           <b>&nbsp;&nbsp;A Business class ticket for :</b><br/>\n
..\\Parameters\\common.h(233):           <center><table border="0" width="85%"><tr><td>\n
..\\Parameters\\common.h(233):           <li><i> Petr Genov\n
..\\Parameters\\common.h(233):           <li><i></i>\n
..\\Parameters\\common.h(233):           </td></tr></table></center>\n
..\\Parameters\\common.h(233):       </TD>\n
..\\Parameters\\common.h(233):       <TD width="5%" >.<br/>.<br/>.<br/>.</TD>\n
..\\Parameters\\common.h(233):       <TD width="45%" valign=top><b>Invoice sent to:</b><br/>\n
..\\Parameters\\common.h(233):           <center>\n
..\\Parameters\\common.h(233):           <Table width="80%" cellspacing="0" > <tr> <td>\n
..\\Parameters\\common.h(233):               Petr Genov\n
..\\Parameters\\common.h(233):     <br/>\n
..\\Parameters\\common.h(233):               Gagarina<br/>\n
..\\Parameters\\common.h(233):               Perm<br/>\n
..\\Parameters\\common.h(233):               <br/>\n
..\\Parameters\\common.h(233):               Total Charge: $ 377 <BR/> (CC: x-9999)\n
..\\Parameters\\common.h(233):           </td> </tr> </table>\n
..\\Parameters\\common.h(233):           </center>\n
..\\Parameters\\common.h(233):       </TD>\n
..\\Parameters\\common.h(233):     </TR>\n
..\\Parameters\\common.h(233):     <TR bgcolor="#EFF2F7">\n
..\\Parameters\\common.h(233):       <TD COLSPAN="3">\n
..\\Parameters\\common.h(233):       <b>Flight Details:</b><BR/>  <center>\n
..\\Parameters\\common.h(233):       07/05/2023 \n
..\\Parameters\\common.h(233):      :  5pm : Flight 052 leaves Denver  for Portland.<br>  </center>\n
..\\Parameters\\common.h(233):       </TD>\n
..\\Parameters\\common.h(233):     </TR>\n
..\\Parameters\\common.h(233):     \n
..\\Parameters\\common.h(233):     <TR bgcolor="#EFF2F7">\n
..\\Parameters\\common.h(233):       <TD COLSPAN="4">\n
..\\Parameters\\common.h(233):       <hr/>\n
..\\Parameters\\common.h(233):       </TD>\n
..\\Parameters\\common.h(233):     </TR>\n
..\\Parameters\\common.h(233):     \n
..\\Parameters\\common.h(233):     <!-- Flight #1 -->\n
..\\Parameters\\common.h(233):     <TR bgcolor="#EFF2F7">\n
..\\Parameters\\common.h(233):       <TD width="5%" rowspan="2" align="left" valign="top">\n
..\\Parameters\\common.h(233):     <b>\n
..\\Parameters\\common.h(233):     <label><input type="checkbox" name="238" value="on" /></label></font></b>\n
..\\Parameters\\common.h(233):     <input type="hidden" name="flightID" value="123462676-183096-SP"  />\n
..\\Parameters\\common.h(233):       </TD>\n
..\\Parameters\\common.h(233):       <TD width="45%" valign="top">\n
..\\Parameters\\common.h(233):           <b>&nbsp;&nbsp;A First class ticket for :</b><br/>\n
..\\Parameters\\common.h(233):           <center><table border="0" width="85%"><tr><td>\n
..\\Parameters\\common.h(233):           <li><i> Svetlana Petrov\n
..\\Parameters\\common.h(233):           <li><i></i>\n
..\\Parameters\\common.h(233):           </td></tr></table></center>\n
..\\Parameters\\common.h(233):       </TD>\n
..\\Parameters\\common.h(233):       <TD width="5%" >.<br/>.<br/>.<br/>.</TD>\n
..\\Parameters\\common.h(233):       <TD width="45%" valign=top><b>Invoice sent to:</b><br/>\n
..\\Parameters\\common.h(233):           <center>\n
..\\Parameters\\common.h(233):           <Table width="80%" cellspacing="0" > <tr> <td>\n
..\\Parameters\\common.h(233):               Svetlana Petrov\n
..\\Parameters\\common.h(233):     <br/>\n
..\\Parameters\\common.h(233):               Krasnaia<br/>\n
..\\Parameters\\common.h(233):               Tyla<br/>\n
..\\Parameters\\common.h(233):               <br/>\n
..\\Parameters\\common.h(233):               Total Charge: $ 253 <BR/> (CC: x-3333)\n
..\\Parameters\\common.h(233):           </td> </tr> </table>\n
..\\Parameters\\common.h(233):           </center>\n
..\\Parameters\\common.h(233):       </TD>\n
..\\Parameters\\common.h(233):     </TR>\n
..\\Parameters\\common.h(233):     <TR bgcolor="#EFF2F7">\n
..\\Parameters\\common.h(233):       <TD COLSPAN="3">\n
..\\Parameters\\common.h(233):       <b>Flight Details:</b><BR/>  <center>\n
..\\Parameters\\common.h(233):       07/05/2023 \n
..\\Parameters\\common.h(233):      :  5pm : Flight 492 leaves Paris  for Zurich.<br>  </center>\n
..\\Parameters\\common.h(233):       </TD>\n
..\\Parameters\\common.h(233):     </TR>\n
..\\Parameters\\common.h(233):     \n
..\\Parameters\\common.h(233):     <TR bgcolor="#EFF2F7">\n
..\\Parameters\\common.h(233):       <TD COLSPAN="4">\n
..\\Parameters\\common.h(233):       <hr/>\n
..\\Parameters\\common.h(233):       </TD>\n
..\\Parameters\\common.h(233):     </TR>\n
..\\Parameters\\common.h(233):     <TR>\n
..\\Parameters\\common.h(233):        <TD align="center" COLSPAN="4">\n
..\\Parameters\\common.h(233):        <b>A total of 238 scheduled flights.</font></b>\n
..\\Parameters\\common.h(233):        </TD>\n
..\\Parameters\\common.h(233):     </TR>\n
..\\Parameters\\common.h(233):     </TABLE>\n
..\\Parameters\\common.h(233):     \n
..\\Parameters\\common.h(233):     <TABLE WIDTH="87%" BORDER="0" CELLSPACING="0">\n
..\\Parameters\\common.h(233):     <TR>\n
..\\Parameters\\common.h(233):     <TD align="left" width="50%" >\n
..\\Parameters\\common.h(233):     <input type="image" name="removeFlights" src="/WebTours/images/cancelreservation.gif" bord
..\\Parameters\\common.h(233):     er="0" /></TD>\n
..\\Parameters\\common.h(233):     <TD align="right" width="50%" >\n
..\\Parameters\\common.h(233):     <input type="image" name="removeAllFlights" src="/WebTours/images/cancelallreservations.gi
..\\Parameters\\common.h(233):     f" border="0" /></TD>\n
..\\Parameters\\common.h(233):     </TABLE>\n
..\\Parameters\\common.h(233):     \n
..\\Parameters\\common.h(233):     <div><input type="hidden" name=".cgifields" value="127"  /><input type="hidden" name=".cgi
..\\Parameters\\common.h(233):     fields" value="32"  /><input type="hidden" name=".cgifields" value="90"  /><input type="hi
..\\Parameters\\common.h(233):     dden" name=".cgifields" value="206"  /><input type="hidden" name=".cgifields" value="118" 
..\\Parameters\\common.h(233):      /><input type="hidden" name=".cgifields" value="71"  /><input type="hidden" name=".cgifie
..\\Parameters\\common.h(233):     lds" value="102"  /><input type="hidden" name=".cgifields" value="200"  /><input type="hid
..\\Parameters\\common.h(233):     den" name=".cgifields" value="18"  /><input type="hidden" name=".cgifields" value="125"  /
..\\Parameters\\common.h(233):     ><input type="hidden" name=".cgifields" value="16"  /><input type="hidden" name=".cgifield
..\\Parameters\\common.h(233):     s" value="44"  /><input type="hidden" name=".cgifields" value="55"  /><input type="hidden"
..\\Parameters\\common.h(233):      name=".cgifields" value="84"  /><input type="hidden" name=".cgifields" value="27"  /><inp
..\\Parameters\\common.h(233):     ut type="hidden" name=".cgifields" value="233"  /><input type="hidden" name=".cgifields" v
..\\Parameters\\common.h(233):     alue="190"  /><input type="hidden" name=".cgifields" value="161"  /><input type="hidden" n
..\\Parameters\\common.h(233):     ame=".cgifields" value="194"  /><input type="hidden" name=".cgifields" value="95"  /><inpu
..\\Parameters\\common.h(233):     t type="hidden" name=".cgifields" value="57"  /><input type="hidden" name=".cgifields" val
..\\Parameters\\common.h(233):     ue="220"  /><input type="hidden" name=".cgifields" value="20"  /><input type="hidden" name
..\\Parameters\\common.h(233):     =".cgifields" value="231"  /><input type="hidden" name=".cgifields" value="163"  /><input 
..\\Parameters\\common.h(233):     type="hidden" name=".cgifields" value="109"  /><input type="hidden" name=".cgifields" valu
..\\Parameters\\common.h(233):     e="151"  /><input type="hidden" name=".cgifields" value="89"  /><input type="hidden" name=
..\\Parameters\\common.h(233):     ".cgifields" value="175"  /><input type="hidden" name=".cgifields" value="148"  /><input t
..\\Parameters\\common.h(233):     ype="hidden" name=".cgifields" value="31"  /><input type="hidden" name=".cgifields" value=
..\\Parameters\\common.h(233):     "35"  /><input type="hidden" name=".cgifields" value="11"  /><input type="hidden" name=".c
..\\Parameters\\common.h(233):     gifields" value="208"  /><input type="hidden" name=".cgifields" value="78"  /><input type=
..\\Parameters\\common.h(233):     "hidden" name=".cgifields" value="93"  /><input type="hidden" name=".cgifields" value="106
..\\Parameters\\common.h(233):     "  /><input type="hidden" name=".cgifields" value="157"  /><input type="hidden" name=".cgi
..\\Parameters\\common.h(233):     fields" value="65"  /><input type="hidden" name=".cgifields" value="29"  /><input type="hi
..\\Parameters\\common.h(233):     dden" name=".cgifields" value="197"  /><input type="hidden" name=".cgifields" value="203" 
..\\Parameters\\common.h(233):      /><input type="hidden" name=".cgifields" value="138"  /><input type="hidden" name=".cgifi
..\\Parameters\\common.h(233):     elds" value="199"  /><input type="hidden" name=".cgifields" value="114"  /><input type="hi
..\\Parameters\\common.h(233):     dden" name=".cgifields" value="226"  /><input type="hidden" name=".cgifields" value="58"  
..\\Parameters\\common.h(233):     /><input type="hidden" name=".cgifields" value="211"  /><input type="hidden" name=".cgifie
..\\Parameters\\common.h(233):     lds" value="153"  /><input type="hidden" name=".cgifields" value="15"  /><input type="hidd
..\\Parameters\\common.h(233):     en" name=".cgifields" value="137"  /><input type="hidden" name=".cgifields" value="81"  />
..\\Parameters\\common.h(233):     <input type="hidden" name=".cgifields" value="60"  /><input type="hidden" name=".cgifields
..\\Parameters\\common.h(233):     " value="101"  /><input type="hidden" name=".cgifields" value="73"  /><input type="hidden"
..\\Parameters\\common.h(233):      name=".cgifields" value="86"  /><input type="hidden" name=".cgifields" value="76"  /><inp
..\\Parameters\\common.h(233):     ut type="hidden" name=".cgifields" value="62"  /><input type="hidden" name=".cgifields" va
..\\Parameters\\common.h(233):     lue="67"  /><input type="hidden" name=".cgifields" value="204"  /><input type="hidden" nam
..\\Parameters\\common.h(233):     e=".cgifields" value="165"  /><input type="hidden" name=".cgifields" value="198"  /><input
..\\Parameters\\common.h(233):      type="hidden" name=".cgifields" value="139"  /><input type="hidden" name=".cgifields" val
..\\Parameters\\common.h(233):     ue="129"  /><input type="hidden" name=".cgifields" value="2"  /><input type="hidden" name=
..\\Parameters\\common.h(233):     ".cgifields" value="17"  /><input type="hidden" name=".cgifields" value="186"  /><input ty
..\\Parameters\\common.h(233):     pe="hidden" name=".cgifields" value="110"  /><input type="hidden" name=".cgifields" value=
..\\Parameters\\common.h(233):     "82"  /><input type="hidden" name=".cgifields" value="147"  /><input type="hidden" name=".
..\\Parameters\\common.h(233):     cgifields" value="228"  /><input type="hidden" name=".cgifields" value="236"  /><input typ
..\\Parameters\\common.h(233):     e="hidden" name=".cgifields" value="218"  /><input type="hidden" name=".cgifields" value="
..\\Parameters\\common.h(233):     202"  /><input type="hidden" name=".cgifields" value="168"  /><input type="hidden" name=".
..\\Parameters\\common.h(233):     cgifields" value="184"  /><input type="hidden" name=".cgifields" value="135"  /><input typ
..\\Parameters\\common.h(233):     e="hidden" name=".cgifields" value="14"  /><input type="hidden" name=".cgifields" value="1
..\\Parameters\\common.h(233):     12"  /><input type="hidden" name=".cgifields" value="69"  /><input type="hidden" name=".cg
..\\Parameters\\common.h(233):     ifields" value="191"  /><input type="hidden" name=".cgifields" value="172"  /><input type=
..\\Parameters\\common.h(233):     "hidden" name=".cgifields" value="145"  /><input type="hidden" name=".cgifields" value="49
..\\Parameters\\common.h(233):     "  /><input type="hidden" name=".cgifields" value="178"  /><input type="hidden" name=".cgi
..\\Parameters\\common.h(233):     fields" value="24"  /><input type="hidden" name=".cgifields" value="224"  /><input type="h
..\\Parameters\\common.h(233):     idden" name=".cgifields" value="187"  /><input type="hidden" name=".cgifields" value="140"
..\\Parameters\\common.h(233):       /><input type="hidden" name=".cgifields" value="223"  /><input type="hidden" name=".cgif
..\\Parameters\\common.h(233):     ields" value="124"  /><input type="hidden" name=".cgifields" value="104"  /><input type="h
..\\Parameters\\common.h(233):     idden" name=".cgifields" value="131"  /><input type="hidden" name=".cgifields" value="181"
..\\Parameters\\common.h(233):       /><input type="hidden" name=".cgifields" value="234"  /><input type="hidden" name=".cgif
..\\Parameters\\common.h(233):     ields" value="121"  /><input type="hidden" name=".cgifields" value="79"  /><input type="hi
..\\Parameters\\common.h(233):     dden" name=".cgifields" value="212"  /><input type="hidden" name=".cgifields" value="154" 
..\\Parameters\\common.h(233):      /><input type="hidden" name=".cgifields" value="23"  /><input type="hidden" name=".cgifie
..\\Parameters\\common.h(233):     lds" value="96"  /><input type="hidden" name=".cgifields" value="126"  /><input type="hidd
..\\Parameters\\common.h(233):     en" name=".cgifields" value="238"  /><input type="hidden" name=".cgifields" value="159"  /
..\\Parameters\\common.h(233):     ><input type="hidden" name=".cgifields" value="160"  /><input type="hidden" name=".cgifiel
..\\Parameters\\common.h(233):     ds" value="176"  /><input type="hidden" name=".cgifields" value="47"  /><input type="hidde
..\\Parameters\\common.h(233):     n" name=".cgifields" value="8"  /><input type="hidden" name=".cgifields" va
..\\Parameters\\common.h(233): Resource "http://localhost:1080/WebTours/images/cancelreservation.gif" is in the cache already and will not be downloaded again  	[MsgId: MMSG-26655]
..\\Parameters\\common.h(233): Resource "http://localhost:1080/WebTours/images/cancelallreservations.gif" is in the cache already and will not be downloaded again  	[MsgId: MMSG-26655]
..\\Parameters\\common.h(233): t=3827181ms: 7-byte chunked response overhead for "http://localhost:1080/cgi-bin/itinerary.pl" (RelFrameId=1, Internal ID=1973)
..\\Parameters\\common.h(233):     \r\n
..\\Parameters\\common.h(233):     90f\r\n
..\\Parameters\\common.h(233): t=3827181ms: 7-byte chunked response overhead for "http://localhost:1080/cgi-bin/itinerary.pl" (RelFrameId=1, Internal ID=1973)
..\\Parameters\\common.h(233):     \r\n
..\\Parameters\\common.h(233):     0\r\n
..\\Parameters\\common.h(233):     \r\n
..\\Parameters\\common.h(233): t=3827182ms: 6955-byte chunked response body for "http://localhost:1080/cgi-bin/itinerary.pl" (RelFrameId=1, Internal ID=1973)
..\\Parameters\\common.h(233):     lue="209"  /><input type="hidden" name=".cgifields" value="98"  /><input type="hidden" nam
..\\Parameters\\common.h(233):     e=".cgifields" value="216"  /><input type="hidden" name=".cgifields" value="37"  /><input 
..\\Parameters\\common.h(233):     type="hidden" name=".cgifields" value="117"  /><input type="hidden" name=".cgifields" valu
..\\Parameters\\common.h(233):     e="43"  /><input type="hidden" name=".cgifields" value="195"  /><input type="hidden" name=
..\\Parameters\\common.h(233):     ".cgifields" value="5"  /><input type="hidden" name=".cgifields" value="170"  /><input typ
..\\Parameters\\common.h(233):     e="hidden" name=".cgifields" value="33"  /><input type="hidden" name=".cgifields" value="2
..\\Parameters\\common.h(233):     1"  /><input type="hidden" name=".cgifields" value="63"  /><input type="hidden" name=".cgi
..\\Parameters\\common.h(233):     fields" value="7"  /><input type="hidden" name=".cgifields" value="227"  /><input type="hi
..\\Parameters\\common.h(233):     dden" name=".cgifields" value="26"  /><input type="hidden" name=".cgifields" value="80"  /
..\\Parameters\\common.h(233):     ><input type="hidden" name=".cgifields" value="193"  /><input type="hidden" name=".cgifiel
..\\Parameters\\common.h(233):     ds" value="119"  /><input type="hidden" name=".cgifields" value="180"  /><input type="hidd
..\\Parameters\\common.h(233):     en" name=".cgifields" value="99"  /><input type="hidden" name=".cgifields" value="179"  />
..\\Parameters\\common.h(233):     <input type="hidden" name=".cgifields" value="162"  /><input type="hidden" name=".cgifield
..\\Parameters\\common.h(233):     s" value="72"  /><input type="hidden" name=".cgifields" value="74"  /><input type="hidden"
..\\Parameters\\common.h(233):      name=".cgifields" value="182"  /><input type="hidden" name=".cgifields" value="61"  /><in
..\\Parameters\\common.h(233):     put type="hidden" name=".cgifields" value="230"  /><input type="hidden" name=".cgifields" 
..\\Parameters\\common.h(233):     value="108"  /><input type="hidden" name=".cgifields" value="115"  /><input type="hidden" 
..\\Parameters\\common.h(233):     name=".cgifields" value="92"  /><input type="hidden" name=".cgifields" value="103"  /><inp
..\\Parameters\\common.h(233):     ut type="hidden" name=".cgifields" value="201"  /><input type="hidden" name=".cgifields" v
..\\Parameters\\common.h(233):     alue="232"  /><input type="hidden" name=".cgifields" value="10"  /><input type="hidden" na
..\\Parameters\\common.h(233):     me=".cgifields" value="113"  /><input type="hidden" name=".cgifields" value="152"  /><inpu
..\\Parameters\\common.h(233):     t type="hidden" name=".cgifields" value="189"  /><input type="hidden" name=".cgifields" va
..\\Parameters\\common.h(233):     lue="225"  /><input type="hidden" name=".cgifields" value="207"  /><input type="hidden" na
..\\Parameters\\common.h(233):     me=".cgifields" value="142"  /><input type="hidden" name=".cgifields" value="91"  /><input
..\\Parameters\\common.h(233):      type="hidden" name=".cgifields" value="167"  /><input type="hidden" name=".cgifields" val
..\\Parameters\\common.h(233):     ue="48"  /><input type="hidden" name=".cgifields" value="107"  /><input type="hidden" name
..\\Parameters\\common.h(233):     =".cgifields" value="87"  /><input type="hidden" name=".cgifields" value="174"  /><input t
..\\Parameters\\common.h(233):     ype="hidden" name=".cgifields" value="77"  /><input type="hidden" name=".cgifields" value=
..\\Parameters\\common.h(233):     "214"  /><input type="hidden" name=".cgifields" value="133"  /><input type="hidden" name="
..\\Parameters\\common.h(233):     .cgifields" value="149"  /><input type="hidden" name=".cgifields" value="123"  /><input ty
..\\Parameters\\common.h(233):     pe="hidden" name=".cgifields" value="221"  /><input type="hidden" name=".cgifields" value=
..\\Parameters\\common.h(233):     "50"  /><input type="hidden" name=".cgifields" value="39"  /><input type="hidden" name=".c
..\\Parameters\\common.h(233):     gifields" value="210"  /><input type="hidden" name=".cgifields" value="64"  /><input type=
..\\Parameters\\common.h(233):     "hidden" name=".cgifields" value="97"  /><input type="hidden" name=".cgifields" value="12"
..\\Parameters\\common.h(233):       /><input type="hidden" name=".cgifields" value="41"  /><input type="hidden" name=".cgifi
..\\Parameters\\common.h(233):     elds" value="52"  /><input type="hidden" name=".cgifields" value="173"  /><input type="hid
..\\Parameters\\common.h(233):     den" name=".cgifields" value="56"  /><input type="hidden" name=".cgifields" value="229"  /
..\\Parameters\\common.h(233):     ><input type="hidden" name=".cgifields" value="45"  /><input type="hidden" name=".cgifield
..\\Parameters\\common.h(233):     s" value="66"  /><input type="hidden" name=".cgifields" value="19"  /><input type="hidden"
..\\Parameters\\common.h(233):      name=".cgifields" value="54"  /><input type="hidden" name=".cgifields" value="237"  /><in
..\\Parameters\\common.h(233):     put type="hidden" name=".cgifields" value="70"  /><input type="hidden" name=".cgifields" v
..\\Parameters\\common.h(233):     alue="188"  /><input type="hidden" name=".cgifields" value="68"  /><input type="hidden" na
..\\Parameters\\common.h(233):     me=".cgifields" value="166"  /><input type="hidden" name=".cgifields" value="1"  /><input 
..\\Parameters\\common.h(233):     type="hidden" name=".cgifields" value="136"  /><input type="hidden" name=".cgifields" valu
..\\Parameters\\common.h(233):     e="88"  /><input type="hidden" name=".cgifields" value="116"  /><input type="hidden" name=
..\\Parameters\\common.h(233):     ".cgifields" value="144"  /><input type="hidden" name=".cgifields" value="141"  /><input t
..\\Parameters\\common.h(233):     ype="hidden" name=".cgifields" value="30"  /><input type="hidden" name=".cgifields" value=
..\\Parameters\\common.h(233):     "100"  /><input type="hidden" name=".cgifields" value="222"  /><input type="hidden" name="
..\\Parameters\\common.h(233):     .cgifields" value="25"  /><input type="hidden" name=".cgifields" value="128"  /><input typ
..\\Parameters\\common.h(233):     e="hidden" name=".cgifields" value="28"  /><input type="hidden" name=".cgifields" value="1
..\\Parameters\\common.h(233):     20"  /><input type="hidden" name=".cgifields" value="156"  /><input type="hidden" name=".c
..\\Parameters\\common.h(233):     gifields" value="134"  /><input type="hidden" name=".cgifields" value="40"  /><input type=
..\\Parameters\\common.h(233):     "hidden" name=".cgifields" value="75"  /><input type="hidden" name=".cgifields" value="83"
..\\Parameters\\common.h(233):       /><input type="hidden" name=".cgifields" value="192"  /><input type="hidden" name=".cgif
..\\Parameters\\common.h(233):     ields" value="59"  /><input type="hidden" name=".cgifields" value="215"  /><input type="hi
..\\Parameters\\common.h(233):     dden" name=".cgifields" value="177"  /><input type="hidden" name=".cgifields" value="150" 
..\\Parameters\\common.h(233):      /><input type="hidden" name=".cgifields" value="155"  /><input type="hidden" name=".cgifi
..\\Parameters\\common.h(233):     elds" value="130"  /><input type="hidden" name=".cgifields" value="217"  /><input type="hi
..\\Parameters\\common.h(233):     dden" name=".cgifields" value="53"  /><input type="hidden" name=".cgifields" value="122"  
..\\Parameters\\common.h(233):     /><input type="hidden" name=".cgifields" value="143"  /><input type="hidden" name=".cgifie
..\\Parameters\\common.h(233):     lds" value="205"  /><input type="hidden" name=".cgifields" value="158"  /><input type="hid
..\\Parameters\\common.h(233):     den" name=".cgifields" value="42"  /><input type="hidden" name=".cgifields" value="22"  />
..\\Parameters\\common.h(233):     <input type="hidden" name=".cgifields" value="219"  /><input type="hidden" name=".cgifield
..\\Parameters\\common.h(233):     s" value="46"  /><input type="hidden" name=".cgifields" value="13"  /><input type="hidden"
..\\Parameters\\common.h(233):      name=".cgifields" value="235"  /><input type="hidden" name=".cgifields" value="105"  /><i
..\\Parameters\\common.h(233):     nput type="hidden" name=".cgifields" value="6"  /><input type="hidden" name=".cgifields" v
..\\Parameters\\common.h(233):     alue="85"  /><input type="hidden" name=".cgifields" value="185"  /><input type="hidden" na
..\\Parameters\\common.h(233):     me=".cgifields" value="36"  /><input type="hidden" name=".cgifields" value="3"  /><input t
..\\Parameters\\common.h(233):     ype="hidden" name=".cgifields" value="213"  /><input type="hidden" name=".cgifields" value
..\\Parameters\\common.h(233):     ="183"  /><input type="hidden" name=".cgifields" value="94"  /><input type="hidden" name="
..\\Parameters\\common.h(233):     .cgifields" value="146"  /><input type="hidden" name=".cgifields" value="51"  /><input typ
..\\Parameters\\common.h(233):     e="hidden" name=".cgifields" value="9"  /><input type="hidden" name=".cgifields" value="11
..\\Parameters\\common.h(233):     1"  /><input type="hidden" name=".cgifields" value="38"  /><input type="hidden" name=".cgi
..\\Parameters\\common.h(233):     fields" value="4"  /><input type="hidden" name=".cgifields" value="34"  /><input type="hid
..\\Parameters\\common.h(233):     den" name=".cgifields" value="169"  /><input type="hidden" name=".cgifields" value="164"  
..\\Parameters\\common.h(233):     /><input type="hidden" name=".cgifields" value="132"  /><input type="hidden" name=".cgifie
..\\Parameters\\common.h(233):     lds" value="196"  /><input type="hidden" name=".cgifields" value="171"  /></div></form>\n
..\\Parameters\\common.h(233):     \n
..\\Parameters\\common.h(233):     </center>\n
..\\Parameters\\common.h(233):     \n
..\\Parameters\\common.h(233):     </body>\n
..\\Parameters\\common.h(233):     </html>
..\\Parameters\\common.h(233): Registered web_reg_find successful for "Text=2880371-7-KI"  	[MsgId: MMSG-26362]
..\\Parameters\\common.h(233): web_submit_form("itinerary.pl") was successful, 280723 body bytes, 256 header bytes, 539 chunking overhead bytes  	[MsgId: MMSG-26385]
..\\Parameters\\common.h(241): Notify: Transaction "Cancel_reservation" ended with a "Pass" status (Duration: 0,2015 Wasted Time: 0,0002).	[MsgId: MMSG-16871]
Action.c(39): lr_think_time: 5,00 seconds.	[MsgId: MMSG-15948]
..\\Parameters\\common.h(118): Notify: Transaction "log_out" started.	[MsgId: MMSG-16999]
..\\Parameters\\common.h(120): web_remove_auto_header("Origin") started  	[MsgId: MMSG-26355]
..\\Parameters\\common.h(120): Warning -26590: web_remove/revert_auto_header for "Origin" had no effect  	[MsgId: MWAR-26590]
..\\Parameters\\common.h(120): web_remove/revert_auto_header("Origin") highest severity level was "warning"  	[MsgId: MMSG-26391]
..\\Parameters\\common.h(122): web_reg_find started  	[MsgId: MMSG-26355]
..\\Parameters\\common.h(122): Registering web_reg_find was successful  	[MsgId: MMSG-26390]
..\\Parameters\\common.h(125): web_url("SignOff Button") started  	[MsgId: MMSG-26355]
..\\Parameters\\common.h(125): t=3832221ms: 328-byte response headers for "http://localhost:1080/cgi-bin/welcome.pl?signOff=1" (RelFrameId=1, Internal ID=1974)
..\\Parameters\\common.h(125):     HTTP/1.1 200 OK\r\n
..\\Parameters\\common.h(125):     Date: Sat, 20 May 2023 14:00:38 GMT\r\n
..\\Parameters\\common.h(125):     Server: Apache/2.2.21 (Win32)\r\n
..\\Parameters\\common.h(125):     Set-Cookie: MSO=SID&1684591238; path=/\r\n
..\\Parameters\\common.h(125):     Set-Cookie: MTUserInfo=; path=/; expires=Fri, 19-May-2023 14:00:38 GMT\r\n
..\\Parameters\\common.h(125):     Keep-Alive: timeout=5, max=100\r\n
..\\Parameters\\common.h(125):     Connection: Keep-Alive\r\n
..\\Parameters\\common.h(125):     Transfer-Encoding: chunked\r\n
..\\Parameters\\common.h(125):     Content-Type: text/html; charset=ISO-8859-1\r\n
..\\Parameters\\common.h(125):     \r\n
..\\Parameters\\common.h(125): t=3832221ms: 5-byte chunked response overhead for "http://localhost:1080/cgi-bin/welcome.pl?signOff=1" (RelFrameId=1, Internal ID=1974)
..\\Parameters\\common.h(125):     2ae\r\n
..\\Parameters\\common.h(125): t=3832221ms: 2-byte chunked response overhead for "http://localhost:1080/cgi-bin/welcome.pl?signOff=1" (RelFrameId=1, Internal ID=1974)
..\\Parameters\\common.h(125):     \r\n
..\\Parameters\\common.h(125): t=3832221ms: 686-byte chunked response body for "http://localhost:1080/cgi-bin/welcome.pl?signOff=1" (RelFrameId=1, Internal ID=1974)
..\\Parameters\\common.h(125):     <!-- \n
..\\Parameters\\common.h(125):      A Session ID has been created and loaded into a cookie called MSO.\n
..\\Parameters\\common.h(125):      Also, the server options have been loaded into the cookie called\n
..\\Parameters\\common.h(125):      MSO as well.  The server options can be set via the Admin page.\n
..\\Parameters\\common.h(125):      --->\n
..\\Parameters\\common.h(125):     \n
..\\Parameters\\common.h(125):     <html>\n
..\\Parameters\\common.h(125):     <title>Web Tours</title>\n
..\\Parameters\\common.h(125):        <!-- Frame Set -->\n
..\\Parameters\\common.h(125):        <frameset cols="160,*" border="1" frameborder="1">\n
..\\Parameters\\common.h(125):           <!-- Navigation Frame -->\n
..\\Parameters\\common.h(125):           <frame src="nav.pl?in=home" name="navbar" marginheight="2" marginwidth="2" \n
..\\Parameters\\common.h(125):                 noresize="noresize" scrolling="auto"/>\n
..\\Parameters\\common.h(125):           <!-- Home Frame -->\n
..\\Parameters\\common.h(125):           <frame src="/WebTours/home.html" name="info" marginheight="2" marginwidth="2" \n
..\\Parameters\\common.h(125):                 noresize="noresize" scrolling="auto"/>\n
..\\Parameters\\common.h(125):        </frameset>\n
..\\Parameters\\common.h(125):     </html>\n
..\\Parameters\\common.h(125):     \n
..\\Parameters\\common.h(125):     </body>\n
..\\Parameters\\common.h(125):     </html>
..\\Parameters\\common.h(125): Detected non-resource "http://localhost:1080/cgi-bin/nav.pl?in=home" in "http://localhost:1080/cgi-bin/welcome.pl?signOff=1"  	[MsgId: MMSG-26574]
..\\Parameters\\common.h(125): Detected non-resource "http://localhost:1080/WebTours/home.html" in "http://localhost:1080/cgi-bin/welcome.pl?signOff=1"  	[MsgId: MMSG-26574]
..\\Parameters\\common.h(125): Retrieving data from cache for "http://localhost:1080/WebTours/home.html"  	[MsgId: MMSG-26558]
..\\Parameters\\common.h(125): t=3832222ms: 1361-byte response body retrieved from cache for "http://localhost:1080/WebTours/home.html" (RelFrameId=1.2, Internal ID=1976)
..\\Parameters\\common.h(125):     <HTML>\n
..\\Parameters\\common.h(125):     <HEAD>\n
..\\Parameters\\common.h(125):     \t<title>Web Tours</title>\n
..\\Parameters\\common.h(125):     </HEAD>\n
..\\Parameters\\common.h(125):     <style>\n
..\\Parameters\\common.h(125):     \tblockquote {font-family: tahoma; font-size : 10pt}\n
..\\Parameters\\common.h(125):     \tH1 {font-family: tahoma; font-size : 22pt; color: #003366}\n
..\\Parameters\\common.h(125):     \tsmall {font-family: tahoma; font-size : 8pt}\n
..\\Parameters\\common.h(125):     \tH3{font-family: tahoma; font-size : 10pt; color: black}\n
..\\Parameters\\common.h(125):     \tA {FONT-WEIGHT: bold; FONT-SIZE: 10pt; COLOR: black; FONT-FAMILY: Tahoma; TEXT-DECORATIO
..\\Parameters\\common.h(125):     N: none}\n
..\\Parameters\\common.h(125):     \tA:hover{ FONT-WEIGHT: bold; FONT-SIZE: 10pt; COLOR: #993333; FONT-FAMILY: Tahoma;TEXT-DE
..\\Parameters\\common.h(125):     CORATION: underline}\n
..\\Parameters\\common.h(125):     \tTD {font-family: tahoma; font-size : 10pt; color: black}\n
..\\Parameters\\common.h(125):     </style>\n
..\\Parameters\\common.h(125):     <body bgcolor="#e0e7f1">\n
..\\Parameters\\common.h(125):     <BR/>\n
..\\Parameters\\common.h(125):     <BR/>\n
..\\Parameters\\common.h(125):     <BR/>\n
..\\Parameters\\common.h(125):     <br/>\n
..\\Parameters\\common.h(125):     <table border="0">\n
..\\Parameters\\common.h(125):     <tr><td></td></tr>\n
..\\Parameters\\common.h(125):     <TR><TD></TD></TR>\n
..\\Parameters\\common.h(125):     <TR><TD>\n
..\\Parameters\\common.h(125):     <blockquote>\n
..\\Parameters\\common.h(125):     <H1><b>Web Tours</b></H1>\n
..\\Parameters\\common.h(125):     Welcome to the Web Tours site.\n
..\\Parameters\\common.h(125):     <br/>\n
..\\Parameters\\common.h(125):     To make reservations,please enter your account information to the left.\n
..\\Parameters\\common.h(125):     <br/>\n
..\\Parameters\\common.h(125):     If you haven't registered yet, <A href="/cgi-bin/login.pl?username=&amp;password=&amp;getI
..\\Parameters\\common.h(125):     nfo=true" ><B>sign up now</B></A> to get access to all our resources.\n
..\\Parameters\\common.h(125):     <br/>\n
..\\Parameters\\common.h(125):     To configure the server options, use <A href="/cgi-bin/admin.pl" target="body" ><b>adminis
..\\Parameters\\common.h(125):     tration</b></A> link.\n
..\\Parameters\\common.h(125):     <br/><br/><br/><br/><br/><br/>\n
..\\Parameters\\common.h(125):     <br/><small>\n
..\\Parameters\\common.h(125):     This product uses parts of the SMT Kernel, Copyright (c) 1991-99 <A href="http://www.imati
..\\Parameters\\common.h(125):     x.com" target="new"><B><small>iMatix Corporation</small></B></A> \n
..\\Parameters\\common.h(125):     </small>\n
..\\Parameters\\common.h(125):     </blockquote></TD>\n
..\\Parameters\\common.h(125):     <TD></TD></TR>\n
..\\Parameters\\common.h(125):     </table>\n
..\\Parameters\\common.h(125):     </body>\n
..\\Parameters\\common.h(125):     </HTML>\n
..\\Parameters\\common.h(125): t=3832223ms: 5-byte chunked response overhead for "http://localhost:1080/cgi-bin/welcome.pl?signOff=1" (RelFrameId=1, Internal ID=1974)
..\\Parameters\\common.h(125):     0\r\n
..\\Parameters\\common.h(125):     \r\n
..\\Parameters\\common.h(125): t=3832259ms: 256-byte response headers for "http://localhost:1080/cgi-bin/nav.pl?in=home" (RelFrameId=1.1, Internal ID=1975)
..\\Parameters\\common.h(125):     HTTP/1.1 200 OK\r\n
..\\Parameters\\common.h(125):     Date: Sat, 20 May 2023 14:00:38 GMT\r\n
..\\Parameters\\common.h(125):     Server: Apache/2.2.21 (Win32)\r\n
..\\Parameters\\common.h(125):     Expires: Fri, 19 May 2023 14:00:38 GMT\r\n
..\\Parameters\\common.h(125):     Keep-Alive: timeout=5, max=100\r\n
..\\Parameters\\common.h(125):     Connection: Keep-Alive\r\n
..\\Parameters\\common.h(125):     Transfer-Encoding: chunked\r\n
..\\Parameters\\common.h(125):     Content-Type: text/html; charset=ISO-8859-1\r\n
..\\Parameters\\common.h(125):     \r\n
..\\Parameters\\common.h(125): t=3832259ms: 5-byte chunked response overhead for "http://localhost:1080/cgi-bin/nav.pl?in=home" (RelFrameId=1.1, Internal ID=1975)
..\\Parameters\\common.h(125):     5d1\r\n
..\\Parameters\\common.h(125): t=3832259ms: 2-byte chunked response overhead for "http://localhost:1080/cgi-bin/nav.pl?in=home" (RelFrameId=1.1, Internal ID=1975)
..\\Parameters\\common.h(125):     \r\n
..\\Parameters\\common.h(125): t=3832259ms: 1489-byte chunked response body for "http://localhost:1080/cgi-bin/nav.pl?in=home" (RelFrameId=1.1, Internal ID=1975)
..\\Parameters\\common.h(125):     <!DOCTYPE html\n
..\\Parameters\\common.h(125):     \tPUBLIC "-//W3C//DTD XHTML 1.0 Transitional//EN"\n
..\\Parameters\\common.h(125):     \t "http://www.w3.org/TR/xhtml1/DTD/xhtml1-transitional.dtd">\n
..\\Parameters\\common.h(125):     <html xmlns="http://www.w3.org/1999/xhtml" lang="en-US" xml:lang="en-US">\n
..\\Parameters\\common.h(125):     <head>\n
..\\Parameters\\common.h(125):     <title>Web Tours Navigation Bar</title>\n
..\\Parameters\\common.h(125):     <meta http-equiv="Content-Type" content="text/html; charset=iso-8859-1" />\n
..\\Parameters\\common.h(125):     </head>\n
..\\Parameters\\common.h(125):     <body bgcolor="#E0E7F1">\n
..\\Parameters\\common.h(125):     <style>\n
..\\Parameters\\common.h(125):     blockquote {font-family: tahoma; font-size : 10pt}\n
..\\Parameters\\common.h(125):     H1 {font-family: tahoma; font-size : 22pt; color: #993333}\n
..\\Parameters\\common.h(125):     H3 {font-family: tahoma; font-size : 10pt; color: black}\n
..\\Parameters\\common.h(125):     small {font-family: tahoma; font-size : 8pt}\n
..\\Parameters\\common.h(125):     </style>\n
..\\Parameters\\common.h(125):     <form method="post" action="/cgi-bin/login.pl" target="body">\n
..\\Parameters\\common.h(125):     <input type="hidden" name="userSession" value="136459.395544755HAVQVDApVfiDDDDDtcVVtpHiAQf
..\\Parameters\\common.h(125):     "/>\n
..\\Parameters\\common.h(125):     <table border="0"><tr><td>&nbsp;</td>\n
..\\Parameters\\common.h(125):     <td>&nbsp;</td></tr>\n
..\\Parameters\\common.h(125):     <tr><td>&nbsp;</td>\n
..\\Parameters\\common.h(125):     <td>&nbsp;</td></tr>\n
..\\Parameters\\common.h(125):     <tr><td>&nbsp;</td>\n
..\\Parameters\\common.h(125):     <td><small>&nbsp;Username</small></td></tr>\n
..\\Parameters\\common.h(125):     <tr><td>&nbsp;</td>\n
..\\Parameters\\common.h(125):     <td><input type="text" name="username" value="" size="14" maxlength="14"/></td></tr>\n
..\\Parameters\\common.h(125):     <tr><td>&nbsp;</td>\n
..\\Parameters\\common.h(125):     <td><small>&nbsp;Password</small></td>\n
..\\Parameters\\common.h(125):     <tr><td>&nbsp;</td>\n
..\\Parameters\\common.h(125):     <td><input type="password" name="password" value="" size="14" maxlength="14"/></td></tr>\n
..\\Parameters\\common.h(125):     <tr><td>&nbsp;</td>\n
..\\Parameters\\common.h(125):     <td>&nbsp;</td></tr>\n
..\\Parameters\\common.h(125):     <tr><td>&nbsp;</td>\n
..\\Parameters\\common.h(125):     <td><input type="image" name="login" value="Login" alt="Login" border="1" \n
..\\Parameters\\common.h(125):     src="/WebTours/images/mer_login.gif"/></td></tr>\n
..\\Parameters\\common.h(125):     <tr><td>&nbsp;</td><td>&nbsp;</td></tr>\n
..\\Parameters\\common.h(125):     </table><input type="hidden" name="JSFormSubmit" value="off"/>\n
..\\Parameters\\common.h(125):     </form>\n
..\\Parameters\\common.h(125):     \n
..\\Parameters\\common.h(125):     </body>\n
..\\Parameters\\common.h(125):     </html>\n
..\\Parameters\\common.h(125): Resource "http://localhost:1080/WebTours/images/mer_login.gif" is in the cache already and will not be downloaded again  	[MsgId: MMSG-26655]
..\\Parameters\\common.h(125): t=3832261ms: 5-byte chunked response overhead for "http://localhost:1080/cgi-bin/nav.pl?in=home" (RelFrameId=1.1, Internal ID=1975)
..\\Parameters\\common.h(125):     0\r\n
..\\Parameters\\common.h(125):     \r\n
..\\Parameters\\common.h(125): Registered web_reg_find successful for "Text=A Session ID has been created" (count=1)  	[MsgId: MMSG-26364]
..\\Parameters\\common.h(125): web_url("SignOff Button") was successful, 2175 body bytes, 584 header bytes, 24 chunking overhead bytes  	[MsgId: MMSG-26385]
..\\Parameters\\common.h(135): Notify: Transaction "log_out" ended with a "Pass" status (Duration: 0,0758 Wasted Time: 0,0000).	[MsgId: MMSG-16871]
Action.c(42): Notify: Transaction "2_script_delete_reservation" ended with a "Pass" status (Duration: 20,7422 Think Time: 20,0200 Wasted Time: 0,0008).	[MsgId: MMSG-16870]
Ending action Action.	[MsgId: MMSG-15918]
Action was aborted.	[MsgId: MMSG-10694]
Ending Vuser...	[MsgId: MMSG-15966]
Starting action vuser_end.	[MsgId: MMSG-15919]
Ending action vuser_end.	[MsgId: MMSG-15918]
Vuser Terminated.	[MsgId: MMSG-15963]
Vuser 3 (thread 9304), ended OK."	[MsgId: MMSG-10695]
